  PROBLEM    2
  Two-dimensional Drainage Flow Problem; L=M, T=DAY, M=KG              


     IS HYDRO-CHEMICAL TO BE SIMULATED?  . . . . . . . . .   10
     IS GEOMETRIC INFORMATION TO BE PRINTED? . . . . . . .    0
     IS DEBUG INFORMATION TO BE PRINTED? . . . . . . . . .    1
     IS CYCLIC CHANGE OF RS NODE TO BE PRINTED? . . . . ..    0


 NO. OF ITER. ALLOWED FOR HYDRO-TRANS ITERA.,NITFTS . .    1
     RELAXATION FACTOR FOR HYDRO-TRANS ITER, OMEFTS . . . 0.50
      ALLOWED FACTOR OF NEGLIGIBLE CON. IN CONV. TEST  . .1.000000D-04




 *** OPTIONAL PARAMETERS (flow/transport) ***
      FLOW STEADY-STATE I.C. CONTROL, KSSf . . . . . . . .    0
      TRANSPORT STEADY-STATE I.C. CONTROL, KSSt. . . . . .    0
      LUMPING INDICATOR, ILUMP . . . . . . . . . . . . . .    0
      MID-DIFFERENCE INDICATOR, IMID . . . . . . . . . . .    0
      POINTWISE ITERATION INDICATOR FOR FLOW, IPNTSf . . .    0
      POINTWISE ITERATION INDICATOR FOR TRANSPORT, IPNTSt.    0
      NUMBER OF RECORDS OF RESTART, NSTRf  . . . . . . . .    0
      NUMBER OF RECORDS OF RESTART, NSTRt  . . . . . . . .    0
      INDEX OF MICRO. CONFIGURATION  . . . . . . . . . . .    0
      INDEX OF GUADRATURE FOR INTEGRATION  . . . . . . . .    1


 *** OPTIONAL PARAMETERS (flow only) ***
      GRAVITY CONTROL, KGRAV . . . . . . . . . . . . .     1
      TIME-INTEGRATION PARAMETER, Wf. . . . . . . . . .   1.000000D+00
      ITERATION PARAMETER FOR NONLINEAR EQUATION, OMEf.   5.000000D-01
      RELAXATION PARAMETER FOR MATRIX EQ. SOV., OMIf. .   5.000000D-01
      constraint on hydraulic conductivity, cnstkr  . .   0.000000D+00

 *** OPTIONAL PARAMETERS (transport only) ***
     VELOCITY INPUT CONTROL, KVI  . . . . . . . . . . .    1
     UPSTREAM WEIGHTING INDICATOR, IWET . . . . . . . .    0
     WEIGHTING FACTOR OPTIMIZING INDICATOR, IOPTIM  . .    1
     SORPTION MODEL CONTROL, KSROP  . . . . . . . . . .    1
     LGRANGIAN INDICATOR, LGRN  . . . . . . . . . . . .    1

0

     TIME INTEGRATION PARAMTER, Wt. . . . . . . . . . .   1.000000D+00
     TIME INTEGRATION FACTOR FOR VELOCITY TERM, WVt . .   5.000000D-01
     ITERATION PARAMETER FOR NONLINEAR EQUATION, OMEt .   1.000000D+00
     RELAXATION PARAMETER FOR MATRIX EQUATION, OMIt . .   1.000000D+00


 **** ITERATION PARAMETERS (flow only) ****
      NO. OF ITERATIONS PER CYCLE, NITERf. . . . . . . . .   50
      NO. OF CYCLES PER TIME STEP, NCYLf . . . . . . . . .   20
      NO. OF ITERATIONS ALLOWED FOR SOLVING MATRIX EQ . .  100
      STEADY-STATE TOLERANCE, TOLAf . . . . . . . . . .   2.000000D-03
      TRANSIENT-STATE TOLERANCE, TOLBf. . . . . . . . .   2.000000D-03


 *** ITERATION PARAMETERS (transport only) ***
     NO. OF ITERATIONS FOR NONLINEAR EQUATION, NITERt .    1
     NO. OF ITERATIONS FOR MATRIX EQUATION, NPITERt . .  100
     ERROR ALLOWANCE FOR STEADY STATE SOLUTION, TOLAt .   1.000000D-03
     ERROR ALLOWANCE FOR TRANSIENT SOLUTION, TOLBt. . .   1.000000D-04

1
     *** TIME CONTROL PARAMTER ***
      NUMBER OF TIME INCREMENTS,NTI. . . . . . . . . . . .    0
      NO. OF TIMES TO RESET TIME STEP SIZE, NDTCHG . . . .    0

0
      TIME INCREMENT, DELT. . . . . . . . . . . . . . .   5.000000D-02
      MULTIPLIER FOR INCREASING DELT, CHNG. . . . . . .   2.000000D-01
      MAXIMUM VALUE OF DELT, DELMAX . . . . . . . . . .   5.000000D-02
      MAXIMUM VALUE OF TIME, TMAX . . . . . . . . . . .   2.200000D+01

0 LINNE PRINTER OUTPUT CONTROL
       5
0 DISK OUTPUT CONTROL
       0
0TIME OF CHANGING DELT AND DELT ARE RESET TO
          0.1000D+39  0.5000D-01
 *** MATERIAL PROPERTIES *** 
      NUMBER OF DIFFERENT MATERIALS, NMAT. . . . . . . . .    1
      NUMBER OF MATERIAL PROPERTIES PER MATERIAL, NMPPM  .    7
      NUMBER OF COMPONENTS, NCC  . . . . . . . . . . . . .    0
      INDEX OF TYPE OF KINETIC REACTION, IRXN. . . . . . .    1

MAT NO.  SAT KXX    SAT KYY    SAT KZZ    SAT KXY    SAT KXZ    SAT KXZ  
     -------  -------    -------    -------    -------    -------    -------  
           1 1.0000D-02 0.0000D+00 1.0000D-02 0.0000D+00 0.0000D+00 0.0000D+00
 1.0000D+00

 *** INTRINSIC DENSITY OF EACH CHEMICAL ***
   RHO1      RHO2      RHO3     RHO4     RHO5      RHO6      RHO7   


 *** DENSITY AND VISCOSITY FUNCTION COEFF.S ***
    B1        B2        B3       B4       B5        B6        B7    

1**** SOIL PROPERTY PARAMETERS ****

     SOIL PROPERTY TABULAR INPUT CONTROL, KSP . . . . . .    0
     NUMBER OF SOIL PROPERTY PARAMETERS, NSPPM  . . . . .    5
     PERMEABILITY INPUT CONTROL, KCP  . . . . . . . . . .    0
      DENSITY OF WATER, RHO . . . . . . . . . . . . . .   1.000000D+00
      ACCELERATION OF GRAVITY, GRAV . . . . . . . . . .   7.316000D+10
      VISCOSITY OF WATER, VISC. . . . . . . . . . . . .   1.123200D+04

0 *** MOISTURE-CONTENT PARAMETERS
     MAT NO.   PARM1      PARM2      PARM3      PARM4      PARM5
     -------   -----      -----      -----      -----      -----

           1 5.0000D-02 2.5000D-01 0.0000D+00 1.0000D+01 4.0000D+00
0*** CONDUCTIVITY PARAMETERS

     MAT NO.   PARM1      PARM2      PARM3      PARM4      PARM5
     -------   -----      -----      -----      -----      -----

           1 4.0000D+00 0.0000D+00 0.0000D+00 0.0000D+00 0.0000D+00
1  **** NODAL COORDINATE DATA **** 

 NO. OF NODAL POINTS, NNP . . . . . . . . . . . . . .  242

1
     **** SUBREGION DATA ****
     NO. OF SUBRETION, NREGN  . . . . . . . . . . . . . .    2


1 ***** ELEMENT DATA *****
     NO. OF ELEMENTS, NEL . . . . . . . . . . . . . . . .  100


0 ***** MATERIAL CORRECTION DATA ***
     NO. OF ELEMENTS REQUIRED MATERIAL CORRECTION, NCM  .    0


0

      LIST OF HALF BAND WIDTH FOR ALL SUBREGIONS
       12  12
1 *** ELEMENT (DISTRIBUTED) SOURCE/SINK ***
     NO. OF ELEMENT-SOURCE/SINK ELEMENTS, NSEL . . . . .    0
     NO. OF ELEMENT-SOURCE/SINK PROFILES, NSPR . . . . .    0
     NO. OF DATA POINTS ON ELEMENT-SOURCE/SINK PROFILE .    0
     ANALYTICAL ELEMENT-SOURCE/SINK INPUT CONTROL  . . .    0

0

      *** WELL (POINT) SOURCE/SINK ***
     NO. OF WELL-SOURCE/SINK NODES, NWNP . . . . . . . .    0
     NO. OF WELL-SOURCE/SINK PROFILES, NWPR  . . . . . .    0
     NO. OF DATA POINTS ON WELL-SOURCE/SINK PROFILE  . .    0
     ANALYTICAL WELL-SOURCE/SINK INPUT CONTROL . . . . .    0

1      **** RAINFALL-SEEPAGE BOUNDARY CONDITIONS ***
     NO. OF VARIABLE BOUNDARY ELEMENT SIDES, NVES . . .    18
     NO. OF VARIABLE BOUNDARY NODAL POINTS, NVNP  . . .    38
     NO. OF RAINFALL PROFILES, NVPR . . . . . . . . . .     2
     NO. OF DATA POINTS ON RAINFALL PROFILES, NVDP  . .     2
     ANLYTICAL RAINFALL INPUT CONTROL . . . . . . . . .     0

0
           --- RAINFALL PROFILE ---
0
      PROFILE NO. 1
     TIME       RAINS      TIME       RAINS      TIME       RAINS  
     ----      ------      ----      ------      ----      ------  
   0.000D+00  6.000D-03  1.000D+38  6.000D-03
0
      PROFILE NO. 2
     TIME       RAINS      TIME       RAINS      TIME       RAINS  
     ----      ------      ----      ------      ----      ------  
   0.000D+00  0.000D+00  1.000D+38  0.000D+00
0
           --- INPUTTED VARIABLE SIDE DATA ---

        MP  GN1  GN2  GN3  GN4 RTYP        MP  GN1  GN2  GN3  GN4 RTYP
        --  ---  ---  ---  --- ----        --  ---  ---  ---  --- ----
         1   11   22  143  132    1         2   22   33  154  143    1
         3   33   44  165  154    1         4   44   55  176  165    1
         5   55   66  187  176    1         6   66   77  198  187    1
         7   77   88  209  198    1         8   88   99  220  209    1
         9   99  110  231  220    1        10  110  121  242  231    1
        11  120  241  242  121    2        12  119  240  241  120    2
        13  118  239  240  119    2        14  117  238  239  118    2
        15  116  237  238  117    2        16  115  236  237  116    2
        17  114  235  236  115    2        18  113  234  235  114    2
0
           --- INPUTTED VARIABLE NODE DATA ---

      I NPVB     HCON        HMIN         I NPVB     HCON        HMIN   
      - ----     ----        ----         - ----     ----        ----   
      1   11  0.0000D+00 -0.9000D+04      2   22  0.0000D+00 -0.9000D+04
      3   33  0.0000D+00 -0.9000D+04      4   44  0.0000D+00 -0.9000D+04
      5   55  0.0000D+00 -0.9000D+04      6   66  0.0000D+00 -0.9000D+04
      7   77  0.0000D+00 -0.9000D+04      8   88  0.0000D+00 -0.9000D+04
      9   99  0.0000D+00 -0.9000D+04     10  110  0.0000D+00 -0.9000D+04
     11  121  0.0000D+00 -0.9000D+04     12  120  0.0000D+00 -0.9000D+04
     13  119  0.0000D+00 -0.9000D+04     14  118  0.0000D+00 -0.9000D+04
     15  117  0.0000D+00 -0.9000D+04     16  116  0.0000D+00 -0.9000D+04
     17  115  0.0000D+00 -0.9000D+04     18  114  0.0000D+00 -0.9000D+04
     19  113  0.0000D+00 -0.9000D+04     20  132  0.0000D+00 -0.9000D+04
     21  143  0.0000D+00 -0.9000D+04     22  154  0.0000D+00 -0.9000D+04
     23  165  0.0000D+00 -0.9000D+04     24  176  0.0000D+00 -0.9000D+04
     25  187  0.0000D+00 -0.9000D+04     26  198  0.0000D+00 -0.9000D+04
     27  209  0.0000D+00 -0.9000D+04     28  220  0.0000D+00 -0.9000D+04
     29  231  0.0000D+00 -0.9000D+04     30  242  0.0000D+00 -0.9000D+04
     31  241  0.0000D+00 -0.9000D+04     32  240  0.0000D+00 -0.9000D+04
     33  239  0.0000D+00 -0.9000D+04     34  238  0.0000D+00 -0.9000D+04
     35  237  0.0000D+00 -0.9000D+04     36  236  0.0000D+00 -0.9000D+04
     37  235  0.0000D+00 -0.9000D+04     38  234  0.0000D+00 -0.9000D+04
0

          COMPUTED BOUNDARY NODAL NUMBER OF ALL VB NODES

         I NPVB      I NPVB      I NPVB      I NPVB      I NPVB      I NPVB
         - ----      - ----      - ----      - ----      - ----      - ----
         1   42      2   43      3   65      4   87      5  109      6  131
         7  153      8  175      9  197     10  219     11  241     12  239
        13  237     14  235     15  233     16  231     17  229     18  227
        19  225     20   41     21   44     22   66     23   88     24  110
        25  132     26  154     27  176     28  198     29  220     30  242
        31  240     32  238     33  236     34  234     35  232     36  230
        37  228     38  226
0
           --- COMPUTED VB SIDE DATA ---

    MP CNP1 CNP2 CNP3 CNP4  MPB RTYP    MP CNP1 CNP2 CNP3 CNP4  MPB RTYP
    -- ---- ---- ---- ---- ---- ----    -- ---- ---- ---- ---- ---- ----
     1    1    2   21   20   32    1     2    2    3   22   21   54    1
     3    3    4   23   22   76    1     4    4    5   24   23   98    1
     5    5    6   25   24  120    1     6    6    7   26   25  142    1
     7    7    8   27   26  164    1     8    8    9   28   27  186    1
     9    9   10   29   28  208    1    10   10   11   30   29  240    1
    11   12   31   30   11  238    2    12   13   32   31   12  235    2
    13   14   33   32   13  232    2    14   15   34   33   14  229    2
    15   16   35   34   15  226    2    16   17   36   35   16  223    2
    17   18   37   36   17  220    2    18   19   38   37   18  217    2
1
      **** DIRICHLET BOUNDARY CONDITIONS ****
     NO. OF DIRICHLET NODES, NDNP . . . . . . . . . . .     6
     NO. OF DIRICHLET PROFILES, NDPR  . . . . . . . . .     1
     NO. OF DATA POINTS ON DIRICHLET PROFILES, NDDP . .     2
     ANALYTICAL DIRICHLET BV INPUT CONTROL  . . . . . .     0

0
      PROFILE NO. 1
     TIME       HEAD       TIME       HEAD       TIME       HEAD   
     ----      ------      ----      ------      ----      ------  
   0.000D+00  2.000D+00  1.000D+38  2.000D+00
0

          GLOBAL NODAL NUMBER AND PROFILE TYPE OF DIRICHLET BOUNDARY NODES
     I NPDB TYPE        I NPDB TYPE        I NPDB TYPE        I NPDB TYPE
     - ---- ----        - ---- ----        - ---- ----        - ---- ----
     1  111    1        2  112    1        3  113    1        4  232    1
     5  233    1        6  234    1
1
      **** CAUCHY  BOUNDARY CONDITIONS ****
     NO. OF CAUCHY BOUNDARY ELEMENT SIDES, NCES . . . .     0
     NO. OF CAUCHY BOUNDARY NODAL POINTS, NCNP  . . . .     0
     NO. OF CAUCHY FLUX PROFILES, NCPR  . . . . . . . .     0
     NO. OF DATA POINTS ON CAUCHY FLUX PROFILES, NCDP .     0
     ANALYTICAL CAUCHY FLUX INPUT CONTROL . . . . . . .     0

1
      **** NEUMANN BOUNDARY CONDITIONS ****
     NO. OF NEUMANN BOUNDARY ELEMENT SIDES, NNES  . . .     0
     NO. OF NEUMANN BOUNDARY NODAL POINTS, NNNP . . . .     0
     NO. OF NEUMANN FLUX PROFILES, NNPR . . . . . . . .     0
     NO. OF DATA POINTS ON NEUMANN FLUX PROFILES, NNDP.     0
     ANALYTICAL NEUMANN FLUX INPUT CONTROL  . . . . . .     0

1 TABLE OF SYSTEM-FLOW PARAMETERS  TABLE:    0.. AT TIME =  0.0000D+00
 (DELT =  5.0000D-02) ITIM=  -1

  TYPE OF FLOW                         RATE       INC. FLOW    TOTAL FLOW
1. FLOW THROUGH DIRICHLET NODES ..   1.8667D+00    0.0000D+00    0.0000D+00
2. FLOW THROUGH CAUCHY NODES . . .   0.0000D+00    0.0000D+00    0.0000D+00
3. FLOW THROUGH NEUMANN NODES .  .   0.0000D+00    0.0000D+00    0.0000D+00
4. FLOW THROUGH SEEPAGE NODES .. .   8.0000D-01    0.0000D+00    0.0000D+00
5. FLOW THROUGH INFILTRATION NODES   0.0000D+00    0.0000D+00    0.0000D+00
6. FLOW THROUGH UNSPECIFIED NODES   -6.6667D-01    0.0000D+00    0.0000D+00
7. NET FLOW THROUGH ENTIRE BOUNDARY  2.0000D+00    0.0000D+00    0.0000D+00
8. ARTIFICIAL SOURCES/SINKS . . . .  0.0000D+00    0.0000D+00    0.0000D+00
9. INCREASE IN WATER CONTENT . . .  -2.0000D+00    0.0000D+00    2.5000D+02
 *** NOTE: (+) = OUT FROM, (-) = INTO THE REGION. 



 RAINFALL-SEEPAGE NODAL FLOWS (L**3/T)
     0.1561D-16     0.3047D-16     0.3047D-16     0.2786D-16     0.2938D-16
     0.2678D-16     0.2591D-16     0.2808D-16     0.2678D-16     0.3144D-16
     0.1388D-16     0.0000D+00     0.0000D+00     0.0000D+00     0.0000D+00
     0.0000D+00     0.0000D+00     0.6667D-01     0.3333D+00     0.1908D-16
     0.2645D-16     0.2645D-16     0.2212D-16     0.2645D-16     0.1952D-16
     0.2082D-16     0.2082D-16     0.2385D-16     0.2299D-16     0.7806D-17
     0.0000D+00     0.0000D+00     0.0000D+00     0.0000D+00     0.0000D+00
     0.0000D+00     0.6667D-01     0.3333D+00
0 VALUES OF NPCON
              0              0              0              0              0
              0              0              0              0              0
              0              0              0              0              0
              0              0              0              0              0
              0              0              0              0              0
              0              0              0              0              0
              0              0              0              0              0
              0              0              0
0 VALUES OF NPMIN
              0              0              0              0              0
              0              0              0              0              0
              0              0              0              0              0
              0              0              0              0              0
              0              0              0              0              0
              0              0              0              0              0
              0              0              0              0              0
              0              0              0
0 VALUES OF NPFLX
              0              0              0              0              0
              0              0              0              0              0
              0              0              0              0              0
              0              0              0              0              0
              0              0              0              0              0
              0              0              0              0              0
              0              0              0              0              0
              0              0              0
1 OUTPUT TABLE   1.. PRESSURE HEADS(L) AT TIME =  0.0000D+00
 (DELT =  5.0000D-02),(BAND WIDTH =  35)  IT =   -1

 INPUT INITIAL CONDITIONS        
  NODE    HEAD(L)    NODE    HEAD(L)    NODE    HEAD(L)    NODE    HEAD(L)   
  ----    -------    ----    -------    ----    -------    ----    -------   
     1  1.00000D+01     2  9.00000D+00     3  8.00000D+00     4  7.00000D+00
     5  6.00000D+00     6  5.00000D+00     7  4.00000D+00     8  3.00000D+00
     9  2.00000D+00    10  1.00000D+00    11  0.00000D+00    12  1.00000D+01
    13  9.00000D+00    14  8.00000D+00    15  7.00000D+00    16  6.00000D+00
    17  5.00000D+00    18  4.00000D+00    19  3.00000D+00    20  2.00000D+00
    21  1.00000D+00    22  0.00000D+00    23  1.00000D+01    24  9.00000D+00
    25  8.00000D+00    26  7.00000D+00    27  6.00000D+00    28  5.00000D+00
    29  4.00000D+00    30  3.00000D+00    31  2.00000D+00    32  1.00000D+00
    33  0.00000D+00    34  1.00000D+01    35  9.00000D+00    36  8.00000D+00
    37  7.00000D+00    38  6.00000D+00    39  5.00000D+00    40  4.00000D+00
    41  3.00000D+00    42  2.00000D+00    43  1.00000D+00    44  0.00000D+00
    45  1.00000D+01    46  9.00000D+00    47  8.00000D+00    48  7.00000D+00
    49  6.00000D+00    50  5.00000D+00    51  4.00000D+00    52  3.00000D+00
    53  2.00000D+00    54  1.00000D+00    55  0.00000D+00    56  1.00000D+01
    57  9.00000D+00    58  8.00000D+00    59  7.00000D+00    60  6.00000D+00
    61  5.00000D+00    62  4.00000D+00    63  3.00000D+00    64  2.00000D+00
    65  1.00000D+00    66  0.00000D+00    67  1.00000D+01    68  9.00000D+00
    69  8.00000D+00    70  7.00000D+00    71  6.00000D+00    72  5.00000D+00
    73  4.00000D+00    74  3.00000D+00    75  2.00000D+00    76  1.00000D+00
    77  0.00000D+00    78  1.00000D+01    79  9.00000D+00    80  8.00000D+00
    81  7.00000D+00    82  6.00000D+00    83  5.00000D+00    84  4.00000D+00
    85  3.00000D+00    86  2.00000D+00    87  1.00000D+00    88  0.00000D+00
    89  1.00000D+01    90  9.00000D+00    91  8.00000D+00    92  7.00000D+00
    93  6.00000D+00    94  5.00000D+00    95  4.00000D+00    96  3.00000D+00
    97  2.00000D+00    98  1.00000D+00    99  0.00000D+00   100  1.00000D+01
   101  9.00000D+00   102  8.00000D+00   103  7.00000D+00   104  6.00000D+00
   105  5.00000D+00   106  4.00000D+00   107  3.00000D+00   108  2.00000D+00
   109  1.00000D+00   110  0.00000D+00   111  2.00000D+00   112  1.00000D+00
   113  0.00000D+00   114  7.00000D+00   115  6.00000D+00   116  5.00000D+00
   117  4.00000D+00   118  3.00000D+00   119  2.00000D+00   120  1.00000D+00
   121  0.00000D+00   122  1.00000D+01   123  9.00000D+00   124  8.00000D+00
   125  7.00000D+00   126  6.00000D+00   127  5.00000D+00   128  4.00000D+00
   129  3.00000D+00   130  2.00000D+00   131  1.00000D+00   132  0.00000D+00
   133  1.00000D+01   134  9.00000D+00   135  8.00000D+00   136  7.00000D+00
   137  6.00000D+00   138  5.00000D+00   139  4.00000D+00   140  3.00000D+00
   141  2.00000D+00   142  1.00000D+00   143  0.00000D+00   144  1.00000D+01
   145  9.00000D+00   146  8.00000D+00   147  7.00000D+00   148  6.00000D+00
   149  5.00000D+00   150  4.00000D+00   151  3.00000D+00   152  2.00000D+00
   153  1.00000D+00   154  0.00000D+00   155  1.00000D+01   156  9.00000D+00
   157  8.00000D+00   158  7.00000D+00   159  6.00000D+00   160  5.00000D+00
   161  4.00000D+00   162  3.00000D+00   163  2.00000D+00   164  1.00000D+00
   165  0.00000D+00   166  1.00000D+01   167  9.00000D+00   168  8.00000D+00
   169  7.00000D+00   170  6.00000D+00   171  5.00000D+00   172  4.00000D+00
   173  3.00000D+00   174  2.00000D+00   175  1.00000D+00   176  0.00000D+00
   177  1.00000D+01   178  9.00000D+00   179  8.00000D+00   180  7.00000D+00
   181  6.00000D+00   182  5.00000D+00   183  4.00000D+00   184  3.00000D+00
   185  2.00000D+00   186  1.00000D+00   187  0.00000D+00   188  1.00000D+01
   189  9.00000D+00   190  8.00000D+00   191  7.00000D+00   192  6.00000D+00
   193  5.00000D+00   194  4.00000D+00   195  3.00000D+00   196  2.00000D+00
   197  1.00000D+00   198  0.00000D+00   199  1.00000D+01   200  9.00000D+00
1 OUTPUT TABLE   1.. PRESSURE HEADS(L) AT TIME =  0.0000D+00
 (DELT =  5.0000D-02),(BAND WIDTH =  35)  IT =   -1

 INPUT INITIAL CONDITIONS        
  NODE    HEAD(L)    NODE    HEAD(L)    NODE    HEAD(L)    NODE    HEAD(L)   
  ----    -------    ----    -------    ----    -------    ----    -------   
   201  8.00000D+00   202  7.00000D+00   203  6.00000D+00   204  5.00000D+00
   205  4.00000D+00   206  3.00000D+00   207  2.00000D+00   208  1.00000D+00
   209  0.00000D+00   210  1.00000D+01   211  9.00000D+00   212  8.00000D+00
   213  7.00000D+00   214  6.00000D+00   215  5.00000D+00   216  4.00000D+00
   217  3.00000D+00   218  2.00000D+00   219  1.00000D+00   220  0.00000D+00
   221  1.00000D+01   222  9.00000D+00   223  8.00000D+00   224  7.00000D+00
   225  6.00000D+00   226  5.00000D+00   227  4.00000D+00   228  3.00000D+00
   229  2.00000D+00   230  1.00000D+00   231  0.00000D+00   232  2.00000D+00
   233  1.00000D+00   234  0.00000D+00   235  7.00000D+00   236  6.00000D+00
   237  5.00000D+00   238  4.00000D+00   239  3.00000D+00   240  2.00000D+00
   241  1.00000D+00   242  0.00000D+00
1 OUTPUT TABLE   2. TOTAL HEADS(L) AT TIME =  0.0000D+00
 (DELT =  5.0000D-02),(BAND WIDTH =  35)  IT =   -1

 INPUT INITIAL CONDITIONS        
  NODE  TOT HEAD(L)  NODE  TOT HEAD(L)  NODE  TOT HEAD(L)  NODE  TOT HEAD(L) 
  ----  -----------  ----  -----------  ----  -----------  ----  ----------- 
     1  1.00000D+01     2  1.00000D+01     3  1.00000D+01     4  1.00000D+01
     5  1.00000D+01     6  1.00000D+01     7  1.00000D+01     8  1.00000D+01
     9  1.00000D+01    10  1.00000D+01    11  1.00000D+01    12  1.00000D+01
    13  1.00000D+01    14  1.00000D+01    15  1.00000D+01    16  1.00000D+01
    17  1.00000D+01    18  1.00000D+01    19  1.00000D+01    20  1.00000D+01
    21  1.00000D+01    22  1.00000D+01    23  1.00000D+01    24  1.00000D+01
    25  1.00000D+01    26  1.00000D+01    27  1.00000D+01    28  1.00000D+01
    29  1.00000D+01    30  1.00000D+01    31  1.00000D+01    32  1.00000D+01
    33  1.00000D+01    34  1.00000D+01    35  1.00000D+01    36  1.00000D+01
    37  1.00000D+01    38  1.00000D+01    39  1.00000D+01    40  1.00000D+01
    41  1.00000D+01    42  1.00000D+01    43  1.00000D+01    44  1.00000D+01
    45  1.00000D+01    46  1.00000D+01    47  1.00000D+01    48  1.00000D+01
    49  1.00000D+01    50  1.00000D+01    51  1.00000D+01    52  1.00000D+01
    53  1.00000D+01    54  1.00000D+01    55  1.00000D+01    56  1.00000D+01
    57  1.00000D+01    58  1.00000D+01    59  1.00000D+01    60  1.00000D+01
    61  1.00000D+01    62  1.00000D+01    63  1.00000D+01    64  1.00000D+01
    65  1.00000D+01    66  1.00000D+01    67  1.00000D+01    68  1.00000D+01
    69  1.00000D+01    70  1.00000D+01    71  1.00000D+01    72  1.00000D+01
    73  1.00000D+01    74  1.00000D+01    75  1.00000D+01    76  1.00000D+01
    77  1.00000D+01    78  1.00000D+01    79  1.00000D+01    80  1.00000D+01
    81  1.00000D+01    82  1.00000D+01    83  1.00000D+01    84  1.00000D+01
    85  1.00000D+01    86  1.00000D+01    87  1.00000D+01    88  1.00000D+01
    89  1.00000D+01    90  1.00000D+01    91  1.00000D+01    92  1.00000D+01
    93  1.00000D+01    94  1.00000D+01    95  1.00000D+01    96  1.00000D+01
    97  1.00000D+01    98  1.00000D+01    99  1.00000D+01   100  1.00000D+01
   101  1.00000D+01   102  1.00000D+01   103  1.00000D+01   104  1.00000D+01
   105  1.00000D+01   106  1.00000D+01   107  1.00000D+01   108  1.00000D+01
   109  1.00000D+01   110  1.00000D+01   111  2.00000D+00   112  2.00000D+00
   113  2.00000D+00   114  1.00000D+01   115  1.00000D+01   116  1.00000D+01
   117  1.00000D+01   118  1.00000D+01   119  1.00000D+01   120  1.00000D+01
   121  1.00000D+01   122  1.00000D+01   123  1.00000D+01   124  1.00000D+01
   125  1.00000D+01   126  1.00000D+01   127  1.00000D+01   128  1.00000D+01
   129  1.00000D+01   130  1.00000D+01   131  1.00000D+01   132  1.00000D+01
   133  1.00000D+01   134  1.00000D+01   135  1.00000D+01   136  1.00000D+01
   137  1.00000D+01   138  1.00000D+01   139  1.00000D+01   140  1.00000D+01
   141  1.00000D+01   142  1.00000D+01   143  1.00000D+01   144  1.00000D+01
   145  1.00000D+01   146  1.00000D+01   147  1.00000D+01   148  1.00000D+01
   149  1.00000D+01   150  1.00000D+01   151  1.00000D+01   152  1.00000D+01
   153  1.00000D+01   154  1.00000D+01   155  1.00000D+01   156  1.00000D+01
   157  1.00000D+01   158  1.00000D+01   159  1.00000D+01   160  1.00000D+01
   161  1.00000D+01   162  1.00000D+01   163  1.00000D+01   164  1.00000D+01
   165  1.00000D+01   166  1.00000D+01   167  1.00000D+01   168  1.00000D+01
   169  1.00000D+01   170  1.00000D+01   171  1.00000D+01   172  1.00000D+01
   173  1.00000D+01   174  1.00000D+01   175  1.00000D+01   176  1.00000D+01
   177  1.00000D+01   178  1.00000D+01   179  1.00000D+01   180  1.00000D+01
   181  1.00000D+01   182  1.00000D+01   183  1.00000D+01   184  1.00000D+01
   185  1.00000D+01   186  1.00000D+01   187  1.00000D+01   188  1.00000D+01
   189  1.00000D+01   190  1.00000D+01   191  1.00000D+01   192  1.00000D+01
   193  1.00000D+01   194  1.00000D+01   195  1.00000D+01   196  1.00000D+01
   197  1.00000D+01   198  1.00000D+01   199  1.00000D+01   200  1.00000D+01
1 OUTPUT TABLE   2. TOTAL HEADS(L) AT TIME =  0.0000D+00
 (DELT =  5.0000D-02),(BAND WIDTH =  35)  IT =   -1

 INPUT INITIAL CONDITIONS        
  NODE  TOT HEAD(L)  NODE  TOT HEAD(L)  NODE  TOT HEAD(L)  NODE  TOT HEAD(L) 
  ----  -----------  ----  -----------  ----  -----------  ----  ----------- 
   201  1.00000D+01   202  1.00000D+01   203  1.00000D+01   204  1.00000D+01
   205  1.00000D+01   206  1.00000D+01   207  1.00000D+01   208  1.00000D+01
   209  1.00000D+01   210  1.00000D+01   211  1.00000D+01   212  1.00000D+01
   213  1.00000D+01   214  1.00000D+01   215  1.00000D+01   216  1.00000D+01
   217  1.00000D+01   218  1.00000D+01   219  1.00000D+01   220  1.00000D+01
   221  1.00000D+01   222  1.00000D+01   223  1.00000D+01   224  1.00000D+01
   225  1.00000D+01   226  1.00000D+01   227  1.00000D+01   228  1.00000D+01
   229  1.00000D+01   230  1.00000D+01   231  1.00000D+01   232  2.00000D+00
   233  2.00000D+00   234  2.00000D+00   235  1.00000D+01   236  1.00000D+01
   237  1.00000D+01   238  1.00000D+01   239  1.00000D+01   240  1.00000D+01
   241  1.00000D+01   242  1.00000D+01
1 OUTPUT TABLE   3. WATER CONTENT(L**3/L**3) AT TIME =  0.0000D+00
 (DELT =  5.0000D-02),(BAND WIDTH =  35)  IT =   -1

 INPUT INITIAL CONDITIONS        

                               GAUSSIAN POINTS
               1       2       3       4       5       6       7       8
 ELEMENT  --------------------------------------------------------------
1 OUTPUT TABLE   3. WATER CONTENT(L**3/L**3) AT TIME =  0.0000D+00
 (DELT =  5.0000D-02),(BAND WIDTH =  35)  IT =   -1

 INPUT INITIAL CONDITIONS        

                               GAUSSIAN POINTS
               1       2       3       4       5       6       7       8
 ELEMENT  --------------------------------------------------------------
       1   0.25000 0.25000 0.25000 0.25000 0.25000 0.25000 0.25000 0.25000
       2   0.25000 0.25000 0.25000 0.25000 0.25000 0.25000 0.25000 0.25000
       3   0.25000 0.25000 0.25000 0.25000 0.25000 0.25000 0.25000 0.25000
       4   0.25000 0.25000 0.25000 0.25000 0.25000 0.25000 0.25000 0.25000
       5   0.25000 0.25000 0.25000 0.25000 0.25000 0.25000 0.25000 0.25000
       6   0.25000 0.25000 0.25000 0.25000 0.25000 0.25000 0.25000 0.25000
       7   0.25000 0.25000 0.25000 0.25000 0.25000 0.25000 0.25000 0.25000
       8   0.25000 0.25000 0.25000 0.25000 0.25000 0.25000 0.25000 0.25000
       9   0.25000 0.25000 0.25000 0.25000 0.25000 0.25000 0.25000 0.25000
      10   0.25000 0.25000 0.25000 0.25000 0.25000 0.25000 0.25000 0.25000
      11   0.25000 0.25000 0.25000 0.25000 0.25000 0.25000 0.25000 0.25000
      12   0.25000 0.25000 0.25000 0.25000 0.25000 0.25000 0.25000 0.25000
      13   0.25000 0.25000 0.25000 0.25000 0.25000 0.25000 0.25000 0.25000
      14   0.25000 0.25000 0.25000 0.25000 0.25000 0.25000 0.25000 0.25000
      15   0.25000 0.25000 0.25000 0.25000 0.25000 0.25000 0.25000 0.25000
      16   0.25000 0.25000 0.25000 0.25000 0.25000 0.25000 0.25000 0.25000
      17   0.25000 0.25000 0.25000 0.25000 0.25000 0.25000 0.25000 0.25000
      18   0.25000 0.25000 0.25000 0.25000 0.25000 0.25000 0.25000 0.25000
      19   0.25000 0.25000 0.25000 0.25000 0.25000 0.25000 0.25000 0.25000
      20   0.25000 0.25000 0.25000 0.25000 0.25000 0.25000 0.25000 0.25000
      21   0.25000 0.25000 0.25000 0.25000 0.25000 0.25000 0.25000 0.25000
      22   0.25000 0.25000 0.25000 0.25000 0.25000 0.25000 0.25000 0.25000
      23   0.25000 0.25000 0.25000 0.25000 0.25000 0.25000 0.25000 0.25000
      24   0.25000 0.25000 0.25000 0.25000 0.25000 0.25000 0.25000 0.25000
      25   0.25000 0.25000 0.25000 0.25000 0.25000 0.25000 0.25000 0.25000
      26   0.25000 0.25000 0.25000 0.25000 0.25000 0.25000 0.25000 0.25000
      27   0.25000 0.25000 0.25000 0.25000 0.25000 0.25000 0.25000 0.25000
      28   0.25000 0.25000 0.25000 0.25000 0.25000 0.25000 0.25000 0.25000
      29   0.25000 0.25000 0.25000 0.25000 0.25000 0.25000 0.25000 0.25000
      30   0.25000 0.25000 0.25000 0.25000 0.25000 0.25000 0.25000 0.25000
      31   0.25000 0.25000 0.25000 0.25000 0.25000 0.25000 0.25000 0.25000
      32   0.25000 0.25000 0.25000 0.25000 0.25000 0.25000 0.25000 0.25000
      33   0.25000 0.25000 0.25000 0.25000 0.25000 0.25000 0.25000 0.25000
      34   0.25000 0.25000 0.25000 0.25000 0.25000 0.25000 0.25000 0.25000
      35   0.25000 0.25000 0.25000 0.25000 0.25000 0.25000 0.25000 0.25000
      36   0.25000 0.25000 0.25000 0.25000 0.25000 0.25000 0.25000 0.25000
      37   0.25000 0.25000 0.25000 0.25000 0.25000 0.25000 0.25000 0.25000
      38   0.25000 0.25000 0.25000 0.25000 0.25000 0.25000 0.25000 0.25000
      39   0.25000 0.25000 0.25000 0.25000 0.25000 0.25000 0.25000 0.25000
      40   0.25000 0.25000 0.25000 0.25000 0.25000 0.25000 0.25000 0.25000
      41   0.25000 0.25000 0.25000 0.25000 0.25000 0.25000 0.25000 0.25000
      42   0.25000 0.25000 0.25000 0.25000 0.25000 0.25000 0.25000 0.25000
      43   0.25000 0.25000 0.25000 0.25000 0.25000 0.25000 0.25000 0.25000
      44   0.25000 0.25000 0.25000 0.25000 0.25000 0.25000 0.25000 0.25000
      45   0.25000 0.25000 0.25000 0.25000 0.25000 0.25000 0.25000 0.25000
      46   0.25000 0.25000 0.25000 0.25000 0.25000 0.25000 0.25000 0.25000
      47   0.25000 0.25000 0.25000 0.25000 0.25000 0.25000 0.25000 0.25000
      48   0.25000 0.25000 0.25000 0.25000 0.25000 0.25000 0.25000 0.25000
      49   0.25000 0.25000 0.25000 0.25000 0.25000 0.25000 0.25000 0.25000
      50   0.25000 0.25000 0.25000 0.25000 0.25000 0.25000 0.25000 0.25000
1 OUTPUT TABLE   3. WATER CONTENT(L**3/L**3) AT TIME =  0.0000D+00
 (DELT =  5.0000D-02),(BAND WIDTH =  35)  IT =   -1

 INPUT INITIAL CONDITIONS        

                               GAUSSIAN POINTS
               1       2       3       4       5       6       7       8
 ELEMENT  --------------------------------------------------------------
      51   0.25000 0.25000 0.25000 0.25000 0.25000 0.25000 0.25000 0.25000
      52   0.25000 0.25000 0.25000 0.25000 0.25000 0.25000 0.25000 0.25000
      53   0.25000 0.25000 0.25000 0.25000 0.25000 0.25000 0.25000 0.25000
      54   0.25000 0.25000 0.25000 0.25000 0.25000 0.25000 0.25000 0.25000
      55   0.25000 0.25000 0.25000 0.25000 0.25000 0.25000 0.25000 0.25000
      56   0.25000 0.25000 0.25000 0.25000 0.25000 0.25000 0.25000 0.25000
      57   0.25000 0.25000 0.25000 0.25000 0.25000 0.25000 0.25000 0.25000
      58   0.25000 0.25000 0.25000 0.25000 0.25000 0.25000 0.25000 0.25000
      59   0.25000 0.25000 0.25000 0.25000 0.25000 0.25000 0.25000 0.25000
      60   0.25000 0.25000 0.25000 0.25000 0.25000 0.25000 0.25000 0.25000
      61   0.25000 0.25000 0.25000 0.25000 0.25000 0.25000 0.25000 0.25000
      62   0.25000 0.25000 0.25000 0.25000 0.25000 0.25000 0.25000 0.25000
      63   0.25000 0.25000 0.25000 0.25000 0.25000 0.25000 0.25000 0.25000
      64   0.25000 0.25000 0.25000 0.25000 0.25000 0.25000 0.25000 0.25000
      65   0.25000 0.25000 0.25000 0.25000 0.25000 0.25000 0.25000 0.25000
      66   0.25000 0.25000 0.25000 0.25000 0.25000 0.25000 0.25000 0.25000
      67   0.25000 0.25000 0.25000 0.25000 0.25000 0.25000 0.25000 0.25000
      68   0.25000 0.25000 0.25000 0.25000 0.25000 0.25000 0.25000 0.25000
      69   0.25000 0.25000 0.25000 0.25000 0.25000 0.25000 0.25000 0.25000
      70   0.25000 0.25000 0.25000 0.25000 0.25000 0.25000 0.25000 0.25000
      71   0.25000 0.25000 0.25000 0.25000 0.25000 0.25000 0.25000 0.25000
      72   0.25000 0.25000 0.25000 0.25000 0.25000 0.25000 0.25000 0.25000
      73   0.25000 0.25000 0.25000 0.25000 0.25000 0.25000 0.25000 0.25000
      74   0.25000 0.25000 0.25000 0.25000 0.25000 0.25000 0.25000 0.25000
      75   0.25000 0.25000 0.25000 0.25000 0.25000 0.25000 0.25000 0.25000
      76   0.25000 0.25000 0.25000 0.25000 0.25000 0.25000 0.25000 0.25000
      77   0.25000 0.25000 0.25000 0.25000 0.25000 0.25000 0.25000 0.25000
      78   0.25000 0.25000 0.25000 0.25000 0.25000 0.25000 0.25000 0.25000
      79   0.25000 0.25000 0.25000 0.25000 0.25000 0.25000 0.25000 0.25000
      80   0.25000 0.25000 0.25000 0.25000 0.25000 0.25000 0.25000 0.25000
      81   0.25000 0.25000 0.25000 0.25000 0.25000 0.25000 0.25000 0.25000
      82   0.25000 0.25000 0.25000 0.25000 0.25000 0.25000 0.25000 0.25000
      83   0.25000 0.25000 0.25000 0.25000 0.25000 0.25000 0.25000 0.25000
      84   0.25000 0.25000 0.25000 0.25000 0.25000 0.25000 0.25000 0.25000
      85   0.25000 0.25000 0.25000 0.25000 0.25000 0.25000 0.25000 0.25000
      86   0.25000 0.25000 0.25000 0.25000 0.25000 0.25000 0.25000 0.25000
      87   0.25000 0.25000 0.25000 0.25000 0.25000 0.25000 0.25000 0.25000
      88   0.25000 0.25000 0.25000 0.25000 0.25000 0.25000 0.25000 0.25000
      89   0.25000 0.25000 0.25000 0.25000 0.25000 0.25000 0.25000 0.25000
      90   0.25000 0.25000 0.25000 0.25000 0.25000 0.25000 0.25000 0.25000
      91   0.25000 0.25000 0.25000 0.25000 0.25000 0.25000 0.25000 0.25000
      92   0.25000 0.25000 0.25000 0.25000 0.25000 0.25000 0.25000 0.25000
      93   0.25000 0.25000 0.25000 0.25000 0.25000 0.25000 0.25000 0.25000
      94   0.25000 0.25000 0.25000 0.25000 0.25000 0.25000 0.25000 0.25000
      95   0.25000 0.25000 0.25000 0.25000 0.25000 0.25000 0.25000 0.25000
      96   0.25000 0.25000 0.25000 0.25000 0.25000 0.25000 0.25000 0.25000
      97   0.25000 0.25000 0.25000 0.25000 0.25000 0.25000 0.25000 0.25000
      98   0.25000 0.25000 0.25000 0.25000 0.25000 0.25000 0.25000 0.25000
      99   0.25000 0.25000 0.25000 0.25000 0.25000 0.25000 0.25000 0.25000
     100   0.25000 0.25000 0.25000 0.25000 0.25000 0.25000 0.25000 0.25000
1 OUTPUT TABLE   4.. DARCY VELOCITIES (L/T) AT TIME =  0.0000D+00
 (DELT =  5.0000D-02),(BAND WIDTH =  35)  IT =   -1

 INPUT INITIAL CONDITIONS        

  NODE     VX         VY         VZ      NODE     VX         VY         VZ     
  -------------------------------------  ------------------------------------- 

     1  0.000D+00  0.000D+00 -5.898D-18     2  0.000D+00  0.000D+00  0.000D+00
     3  0.000D+00  0.000D+00  7.459D-18     4  0.000D+00  0.000D+00  4.424D-18
     5  0.000D+00  0.000D+00  3.296D-18     6  0.000D+00  0.000D+00  2.602D-18
     7  0.000D+00  0.000D+00  1.518D-18     8  0.000D+00  0.000D+00  3.469D-19
     9  0.000D+00  0.000D+00  4.185D-18    10  0.000D+00  0.000D+00  6.614D-18
    11  0.000D+00  0.000D+00  6.245D-18    12  0.000D+00  0.000D+00 -6.679D-18
    13  0.000D+00  0.000D+00  8.674D-19    14  0.000D+00  0.000D+00  3.795D-18
    15  0.000D+00  0.000D+00  3.795D-19    16  0.000D+00  0.000D+00 -1.279D-18
    17  0.000D+00  0.000D+00  2.342D-18    18  0.000D+00  0.000D+00 -4.933D-19
    19  0.000D+00  0.000D+00 -2.873D-18    20  0.000D+00  0.000D+00  4.104D-18
    21  0.000D+00  0.000D+00  6.364D-18    22  0.000D+00  0.000D+00  6.093D-18
    23  0.000D+00  0.000D+00 -2.949D-18    24  0.000D+00  0.000D+00  2.147D-18
    25  0.000D+00  0.000D+00  5.876D-18    26  0.000D+00  0.000D+00  1.724D-18
    27  0.000D+00  0.000D+00  1.540D-18    28  0.000D+00  0.000D+00  3.014D-18
    29  0.000D+00  0.000D+00 -1.903D-18    30  0.000D+00  0.000D+00 -2.103D-18
    31  0.000D+00  0.000D+00  4.581D-18    32  0.000D+00  0.000D+00  6.733D-18
    33  0.000D+00  0.000D+00  6.093D-18    34  0.000D+00  0.000D+00 -5.031D-18
    35  0.000D+00  0.000D+00  1.409D-18    36  0.000D+00  0.000D+00  4.012D-18
    37  0.000D+00  0.000D+00 -1.073D-18    38  0.000D+00  0.000D+00 -2.168D-20
    39  0.000D+00  0.000D+00  4.380D-18    40  0.000D+00  0.000D+00 -6.234D-19
    41  0.000D+00  0.000D+00 -1.746D-18    42  0.000D+00  0.000D+00  4.543D-18
    43  0.000D+00  0.000D+00  6.234D-18    44  0.000D+00  0.000D+00  5.573D-18
    45  0.000D+00  0.000D+00 -9.541D-19    46  0.000D+00  0.000D+00  2.624D-18
    47  0.000D+00  0.000D+00  8.283D-18    48  0.000D+00  0.000D+00  1.756D-18
    49  0.000D+00  0.000D+00  4.228D-18    50  0.000D+00  0.000D+00  3.372D-18
    51  0.000D+00  0.000D+00  5.096D-19    52  0.000D+00  0.000D+00 -8.565D-19
    53  0.000D+00  0.000D+00  4.649D-18    54  0.000D+00  0.000D+00  7.007D-18
    55  0.000D+00  0.000D+00  5.876D-18    56  0.000D+00  0.000D+00 -5.985D-18
    57  0.000D+00  0.000D+00  2.168D-19    58  0.000D+00  0.000D+00  2.277D-18
    59  0.000D+00  0.000D+00 -2.374D-18    60  0.000D+00  0.000D+00 -3.144D-18
    61  0.000D+00  0.000D+00  1.605D-18    62  0.000D+00  0.000D+00 -2.738D-18
    63  0.000D+00  0.000D+00 -1.540D-18    64  0.000D+00  0.000D+00  3.773D-18
    65  0.000D+00  0.000D+00  6.164D-18    66  0.000D+00  0.000D+00  5.356D-18
    67  0.000D+00  0.000D+00 -4.857D-18    68  0.000D+00  0.000D+00  6.939D-19
    69  0.000D+00  0.000D+00  2.472D-18    70  0.000D+00  0.000D+00 -2.645D-18
    71  0.000D+00  0.000D+00 -3.068D-18    72  0.000D+00  0.000D+00  1.735D-19
    73  0.000D+00  0.000D+00 -2.645D-18    74  0.000D+00  0.000D+00 -1.952D-18
    75  0.000D+00  0.000D+00  4.562D-18    76  0.000D+00  0.000D+00  6.072D-18
    77  0.000D+00  0.000D+00  5.182D-18    78  0.000D+00  0.000D+00 -6.896D-18
    79  0.000D+00  0.000D+00  3.296D-18    80  0.000D+00  0.000D+00 -1.561D-18
    81  0.000D+00  0.000D+00 -2.526D-18    82  0.000D+00  0.000D+00 -3.036D-19
    83  0.000D+00  0.000D+00  3.589D-18    84  0.000D+00  0.000D+00 -9.704D-19
    85  0.000D+00  0.000D+00 -1.464D-18    86  0.000D+00  0.000D+00  4.006D-18
    87  0.000D+00  0.000D+00  6.451D-18    88  0.000D+00  0.000D+00  5.616D-18
    89  0.000D+00  0.000D+00 -8.240D-18    90  0.000D+00  0.000D+00 -7.806D-19
    91  0.000D+00  0.000D+00  0.000D+00    92  0.000D+00  0.000D+00 -1.388D-18
    93  0.000D+00  0.000D+00  4.228D-19    94  0.000D+00  0.000D+00 -1.843D-19
    95  0.000D+00  0.000D+00 -3.285D-18    96  0.000D+00  0.000D+00 -1.702D-18
    97  0.000D+00  0.000D+00  3.117D-18    98  0.000D+00  0.000D+00  6.088D-18
    99  0.000D+00  0.000D+00  5.356D-18   100  4.000D-02  0.000D+00  5.117D-18
1 OUTPUT TABLE   4.. DARCY VELOCITIES (L/T) AT TIME =  0.0000D+00
 (DELT =  5.0000D-02),(BAND WIDTH =  35)  IT =   -1

 INPUT INITIAL CONDITIONS        

  NODE     VX         VY         VZ      NODE     VX         VY         VZ     
  -------------------------------------  ------------------------------------- 

   101  4.000D-02  0.000D+00  8.977D-18   102  3.333D-02  0.000D+00 -6.667D-03
   103  6.667D-03  0.000D+00 -6.667D-03   104  0.000D+00  0.000D+00 -4.662D-18
   105  0.000D+00  0.000D+00 -2.103D-18   106  0.000D+00  0.000D+00 -2.336D-18
   107  0.000D+00  0.000D+00 -3.101D-18   108  0.000D+00  0.000D+00  3.497D-18
   109  0.000D+00  0.000D+00  6.031D-18   110  0.000D+00  0.000D+00  6.288D-18
   111  8.000D-02  0.000D+00 -5.976D-17   112  8.000D-02  0.000D+00 -5.837D-17
   113  6.667D-02  0.000D+00 -2.667D-02   114  1.333D-02  0.000D+00 -2.667D-02
   115  0.000D+00  0.000D+00 -9.801D-18   116  0.000D+00  0.000D+00 -6.614D-18
   117  0.000D+00  0.000D+00 -4.640D-18   118  0.000D+00  0.000D+00 -4.901D-18
   119  0.000D+00  0.000D+00  3.139D-18   120  0.000D+00  0.000D+00  6.001D-18
   121  0.000D+00  0.000D+00  5.551D-18   122  0.000D+00  0.000D+00  0.000D+00
   123  0.000D+00  0.000D+00  2.082D-18   124  0.000D+00  0.000D+00  7.980D-18
   125  0.000D+00  0.000D+00 -6.939D-19   126  0.000D+00  0.000D+00 -2.082D-18
   127  0.000D+00  0.000D+00  1.735D-18   128  0.000D+00  0.000D+00 -3.469D-19
   129  0.000D+00  0.000D+00 -1.908D-18   130  0.000D+00  0.000D+00  3.556D-18
   131  0.000D+00  0.000D+00  6.939D-18   132  0.000D+00  0.000D+00  7.633D-18
   133  0.000D+00  0.000D+00 -1.561D-18   134  0.000D+00  0.000D+00  1.908D-18
   135  0.000D+00  0.000D+00  9.541D-19   136  0.000D+00  0.000D+00 -2.732D-18
   137  0.000D+00  0.000D+00  6.939D-19   138  0.000D+00  0.000D+00  7.806D-19
   139  0.000D+00  0.000D+00 -5.421D-19   140  0.000D+00  0.000D+00 -1.865D-18
   141  0.000D+00  0.000D+00  3.415D-18   142  0.000D+00  0.000D+00  5.692D-18
   143  0.000D+00  0.000D+00  5.291D-18   144  0.000D+00  0.000D+00 -3.296D-18
   145  0.000D+00  0.000D+00 -2.429D-18   146  0.000D+00  0.000D+00  1.128D-18
   147  0.000D+00  0.000D+00 -2.819D-18   148  0.000D+00  0.000D+00  6.072D-19
   149  0.000D+00  0.000D+00  5.204D-19   150  0.000D+00  0.000D+00 -3.925D-18
   151  0.000D+00  0.000D+00 -1.821D-18   152  0.000D+00  0.000D+00  3.025D-18
   153  0.000D+00  0.000D+00  5.692D-18   154  0.000D+00  0.000D+00  5.291D-18
   155  0.000D+00  0.000D+00 -1.214D-18   156  0.000D+00  0.000D+00  5.204D-19
   157  0.000D+00  0.000D+00  4.077D-18   158  0.000D+00  0.000D+00 -2.212D-18
   159  0.000D+00  0.000D+00  2.949D-18   160  0.000D+00  0.000D+00  2.515D-18
   161  0.000D+00  0.000D+00 -2.819D-19   162  0.000D+00  0.000D+00 -1.735D-18
   163  0.000D+00  0.000D+00  5.085D-18   164  0.000D+00  0.000D+00  6.429D-18
   165  0.000D+00  0.000D+00  4.424D-18   166  0.000D+00  0.000D+00 -2.082D-18
   167  0.000D+00  0.000D+00  3.816D-18   168  0.000D+00  0.000D+00  2.299D-18
   169  0.000D+00  0.000D+00  2.385D-18   170  0.000D+00  0.000D+00  3.686D-18
   171  0.000D+00  0.000D+00  3.903D-18   172  0.000D+00  0.000D+00 -2.385D-19
   173  0.000D+00  0.000D+00 -6.505D-19   174  0.000D+00  0.000D+00  5.508D-18
   175  0.000D+00  0.000D+00  6.451D-18   176  0.000D+00  0.000D+00  5.291D-18
   177  0.000D+00  0.000D+00 -3.990D-18   178  0.000D+00  0.000D+00 -6.939D-19
   179  0.000D+00  0.000D+00 -1.041D-18   180  0.000D+00  0.000D+00  3.339D-18
   181  0.000D+00  0.000D+00  1.735D-19   182  0.000D+00  0.000D+00 -5.204D-19
   183  0.000D+00  0.000D+00 -3.751D-18   184  0.000D+00  0.000D+00 -1.128D-18
   185  0.000D+00  0.000D+00  3.784D-18   186  0.000D+00  0.000D+00  6.191D-18
   187  0.000D+00  0.000D+00  3.903D-18   188  0.000D+00  0.000D+00 -1.076D-17
   189  0.000D+00  0.000D+00 -5.204D-19   190  0.000D+00  0.000D+00  3.903D-18
   191  0.000D+00  0.000D+00 -1.691D-18   192  0.000D+00  0.000D+00 -1.735D-18
   193  0.000D+00  0.000D+00 -4.770D-19   194  0.000D+00  0.000D+00 -1.713D-18
   195  0.000D+00  0.000D+00 -3.903D-19   196  0.000D+00  0.000D+00  4.597D-18
   197  0.000D+00  0.000D+00  5.020D-18   198  0.000D+00  0.000D+00  4.163D-18
   199  0.000D+00  0.000D+00 -5.031D-18   200  0.000D+00  0.000D+00  1.214D-18
1 OUTPUT TABLE   4.. DARCY VELOCITIES (L/T) AT TIME =  0.0000D+00
 (DELT =  5.0000D-02),(BAND WIDTH =  35)  IT =   -1

 INPUT INITIAL CONDITIONS        

  NODE     VX         VY         VZ      NODE     VX         VY         VZ     
  -------------------------------------  ------------------------------------- 

   201  0.000D+00  0.000D+00  3.123D-18   202  0.000D+00  0.000D+00  4.337D-19
   203  0.000D+00  0.000D+00 -1.214D-18   204  0.000D+00  0.000D+00  1.214D-18
   205  0.000D+00  0.000D+00 -2.342D-18   206  0.000D+00  0.000D+00 -2.602D-19
   207  0.000D+00  0.000D+00  3.957D-18   208  0.000D+00  0.000D+00  5.670D-18
   209  0.000D+00  0.000D+00  4.163D-18   210  0.000D+00  0.000D+00  1.041D-18
   211  0.000D+00  0.000D+00 -8.674D-20   212  0.000D+00  0.000D+00  2.602D-19
   213  0.000D+00  0.000D+00 -1.648D-18   214  0.000D+00  0.000D+00 -2.602D-19
   215  0.000D+00  0.000D+00  4.770D-19   216  0.000D+00  0.000D+00 -1.952D-18
   217  0.000D+00  0.000D+00 -1.887D-18   218  0.000D+00  0.000D+00  4.315D-18
   219  0.000D+00  0.000D+00  5.063D-18   220  0.000D+00  0.000D+00  4.770D-18
   221  4.000D-02  0.000D+00  2.030D-17   222  4.000D-02  0.000D+00  2.619D-17
   223  3.333D-02  0.000D+00 -6.667D-03   224  6.667D-03  0.000D+00 -6.667D-03
   225  0.000D+00  0.000D+00  3.469D-19   226  0.000D+00  0.000D+00  6.939D-19
   227  0.000D+00  0.000D+00 -3.881D-18   228  0.000D+00  0.000D+00 -1.431D-18
   229  0.000D+00  0.000D+00  2.895D-18   230  0.000D+00  0.000D+00  5.790D-18
   231  0.000D+00  0.000D+00  4.597D-18   232  8.000D-02  0.000D+00  2.394D-17
   233  8.000D-02  0.000D+00  2.671D-17   234  6.667D-02  0.000D+00 -2.667D-02
   235  1.333D-02  0.000D+00 -2.667D-02   236  0.000D+00  0.000D+00 -6.072D-18
   237  0.000D+00  0.000D+00 -2.602D-18   238  0.000D+00  0.000D+00 -5.204D-18
   239  0.000D+00  0.000D+00 -1.605D-18   240  0.000D+00  0.000D+00  3.014D-18
   241  0.000D+00  0.000D+00  4.163D-18   242  0.000D+00  0.000D+00  3.123D-18
1*********************************************************


 DIAGNOSTIC TABLE   1.. AT TIME =  0.0000D+00, (DELT =  5.0000D-02)


 TABLE OF ITERATIVE PARAMETERS FOR  1-TH CYCLE

      ITERATION       RESIDUAL      DEVIATION      NO. NON-CONV. NODES
0

                  IT   DIFMAX       TOLB        NOCCUR
                  --   ------       ----        ------
                    1  0.5226D+01  0.1000D-02       100
                    2  0.1633D+01  0.1000D-02       100
                    3  0.6686D+00  0.1000D-02       221
                    4  0.3225D+00  0.1000D-02       221
                    5  0.1755D+00  0.1000D-02       221
                    6  0.1058D+00  0.1000D-02       221
                    7  0.6859D-01  0.1000D-02       221
                    8  0.4847D-01  0.1000D-02       100
                    9  0.3584D-01  0.1000D-02       100
                   10  0.2596D-01  0.1000D-02       100
                   11  0.1862D-01  0.1000D-02       100
                   12  0.1330D-01  0.1000D-02       100
                   13  0.9473D-02  0.1000D-02       100
                   14  0.6740D-02  0.1000D-02       100
                   15  0.4793D-02  0.1000D-02       100
                   16  0.3408D-02  0.1000D-02       100
                   17  0.2423D-02  0.1000D-02       100
                   18  0.1722D-02  0.1000D-02       100
                   19  0.1224D-02  0.1000D-02       100
                   20  0.8700D-03  0.1000D-02       100
              1     0.6970E+01     0.9113E+00                      200
0

                  IT   DIFMAX       TOLB        NOCCUR
                  --   ------       ----        ------
                    1  0.2613D+01  0.1000D-02       100
                    2  0.8164D+00  0.1000D-02       100
                    3  0.3344D+00  0.1000D-02       221
                    4  0.1613D+00  0.1000D-02       221
                    5  0.8782D-01  0.1000D-02       221
                    6  0.5297D-01  0.1000D-02       221
                    7  0.3433D-01  0.1000D-02       221
                    8  0.2426D-01  0.1000D-02       100
                    9  0.1794D-01  0.1000D-02       100
                   10  0.1299D-01  0.1000D-02       100
                   11  0.9322D-02  0.1000D-02       100
                   12  0.6656D-02  0.1000D-02       100
                   13  0.4741D-02  0.1000D-02       100
                   14  0.3374D-02  0.1000D-02       100
                   15  0.2399D-02  0.1000D-02       100
                   16  0.1706D-02  0.1000D-02       100
                   17  0.1213D-02  0.1000D-02       100
                   18  0.8619D-03  0.1000D-02       100
              2     0.3485E+01     0.8371E+00                      200
0

                  IT   DIFMAX       TOLB        NOCCUR
                  --   ------       ----        ------
                    1  0.1306D+01  0.1000D-02       100
                    2  0.4080D+00  0.1000D-02       100
                    3  0.1673D+00  0.1000D-02       221
                    4  0.8076D-01  0.1000D-02       221
                    5  0.4397D-01  0.1000D-02       221
                    6  0.2653D-01  0.1000D-02       221
                    7  0.1720D-01  0.1000D-02       221
                    8  0.1216D-01  0.1000D-02       100
                    9  0.8990D-02  0.1000D-02       100
                   10  0.6512D-02  0.1000D-02       100
                   11  0.4671D-02  0.1000D-02       100
                   12  0.3335D-02  0.1000D-02       100
                   13  0.2376D-02  0.1000D-02       100
                   14  0.1691D-02  0.1000D-02       100
                   15  0.1202D-02  0.1000D-02       100
                   16  0.8547D-03  0.1000D-02       100
              3     0.1743E+01     0.7199E+00                      200
0

                  IT   DIFMAX       TOLB        NOCCUR
                  --   ------       ----        ------
                    1  0.6527D+00  0.1000D-02       100
                    2  0.2038D+00  0.1000D-02       100
                    3  0.8380D-01  0.1000D-02       221
                    4  0.4047D-01  0.1000D-02       221
                    5  0.2205D-01  0.1000D-02       221
                    6  0.1331D-01  0.1000D-02       221
                    7  0.8631D-02  0.1000D-02       221
                    8  0.6108D-02  0.1000D-02       100
                    9  0.4515D-02  0.1000D-02       100
                   10  0.3270D-02  0.1000D-02       100
                   11  0.2346D-02  0.1000D-02       100
                   12  0.1675D-02  0.1000D-02       100
                   13  0.1193D-02  0.1000D-02       100
                   14  0.8489D-03  0.1000D-02       100
              4     0.8713E+00     0.5623E+00                      200
0

                  IT   DIFMAX       TOLB        NOCCUR
                  --   ------       ----        ------
                    1  0.3261D+00  0.1000D-02       100
                    2  0.1017D+00  0.1000D-02       100
                    3  0.4203D-01  0.1000D-02       221
                    4  0.2033D-01  0.1000D-02       221
                    5  0.1109D-01  0.1000D-02       221
                    6  0.6702D-02  0.1000D-02       221
                    7  0.4348D-02  0.1000D-02       221
                    8  0.3082D-02  0.1000D-02       100
                    9  0.2277D-02  0.1000D-02       100
                   10  0.1649D-02  0.1000D-02       100
                   11  0.1183D-02  0.1000D-02       100
                   12  0.8444D-03  0.1000D-02       100
              5     0.4356E+00     0.3911E+00                      200
0

                  IT   DIFMAX       TOLB        NOCCUR
                  --   ------       ----        ------
                    1  0.1627D+00  0.1000D-02       100
                    2  0.5062D-01  0.1000D-02       100
                    3  0.2114D-01  0.1000D-02       221
                    4  0.1026D-01  0.1000D-02       221
                    5  0.5610D-02  0.1000D-02       221
                    6  0.3397D-02  0.1000D-02       221
                    7  0.2207D-02  0.1000D-02       221
                    8  0.1568D-02  0.1000D-02       100
                    9  0.1158D-02  0.1000D-02       100
                   10  0.8384D-03  0.1000D-02       100
              6     0.2178E+00     0.2431E+00                      200
0

                  IT   DIFMAX       TOLB        NOCCUR
                  --   ------       ----        ------
                    1  0.8107D-01  0.1000D-02       100
                    2  0.2510D-01  0.1000D-02       100
                    3  0.1070D-01  0.1000D-02       221
                    4  0.5219D-02  0.1000D-02       221
                    5  0.2870D-02  0.1000D-02       221
                    6  0.1745D-02  0.1000D-02       221
                    7  0.1136D-02  0.1000D-02       221
                    8  0.8120D-03  0.1000D-02       100
              7     0.1089E+00     0.1384E+00                      200
0

                  IT   DIFMAX       TOLB        NOCCUR
                  --   ------       ----        ------
                    1  0.4023D-01  0.1000D-02       100
                    2  0.1249D-01  0.1000D-02       221
                    3  0.5483D-02  0.1000D-02       221
                    4  0.2704D-02  0.1000D-02       221
                    5  0.1502D-02  0.1000D-02       221
                    6  0.9200D-03  0.1000D-02       221
              8     0.5448E-01     0.7438E-01                      200
0

                  IT   DIFMAX       TOLB        NOCCUR
                  --   ------       ----        ------
                    1  0.1983D-01  0.1000D-02       100
                    2  0.6449D-02  0.1000D-02       221
                    3  0.2884D-02  0.1000D-02       221
                    4  0.1452D-02  0.1000D-02       221
                    5  0.8217D-03  0.1000D-02       221
              9     0.2748E-01     0.3874E-01                      194
0

                  IT   DIFMAX       TOLB        NOCCUR
                  --   ------       ----        ------
                    1  0.9718D-02  0.1000D-02       100
                    2  0.3393D-02  0.1000D-02       221
                    3  0.1557D-02  0.1000D-02       221
                    4  0.8061D-03  0.1000D-02       221
             10     0.1395E-01     0.2005E-01                      173
0

                  IT   DIFMAX       TOLB        NOCCUR
                  --   ------       ----        ------
                    1  0.4731D-02  0.1000D-02       100
                    2  0.1844D-02  0.1000D-02       221
                    3  0.8768D-03  0.1000D-02       221
             11     0.7050E-02     0.1024E-01                      136
0

                  IT   DIFMAX       TOLB        NOCCUR
                  --   ------       ----        ------
                    1  0.2400D-02  0.1000D-02       221
                    2  0.1062D-02  0.1000D-02       221
                    3  0.5288D-03  0.1000D-02       221
             12     0.3991E-02     0.5826E-02                       43
0

                  IT   DIFMAX       TOLB        NOCCUR
                  --   ------       ----        ------
                    1  0.1348D-02  0.1000D-02       221
                    2  0.6224D-03  0.1000D-02       221
             13     0.1970E-02     0.2885E-02                        0


 TABLE OF ITERATIVE PARAMETERS FOR  2-TH CYCLE

      ITERATION       RESIDUAL      DEVIATION      NO. NON-CONV. NODES
0

                  IT   DIFMAX       TOLB        NOCCUR
                  --   ------       ----        ------
                    1  0.2622D+01  0.1000D-02       100
                    2  0.8193D+00  0.1000D-02       100
                    3  0.3355D+00  0.1000D-02       221
                    4  0.1618D+00  0.1000D-02       221
                    5  0.8808D-01  0.1000D-02       221
                    6  0.5313D-01  0.1000D-02       221
                    7  0.3443D-01  0.1000D-02       221
                    8  0.2433D-01  0.1000D-02       100
                    9  0.1799D-01  0.1000D-02       100
                   10  0.1303D-01  0.1000D-02       100
                   11  0.9348D-02  0.1000D-02       100
                   12  0.6675D-02  0.1000D-02       100
                   13  0.4755D-02  0.1000D-02       100
                   14  0.3383D-02  0.1000D-02       100
                   15  0.2406D-02  0.1000D-02       100
                   16  0.1711D-02  0.1000D-02       100
                   17  0.1216D-02  0.1000D-02       100
                   18  0.8644D-03  0.1000D-02       100
              1     0.5146E+00     0.2991E+01                      212
0

                  IT   DIFMAX       TOLB        NOCCUR
                  --   ------       ----        ------
                    1  0.1927D+00  0.1000D-02       121
                    2  0.6019D-01  0.1000D-02       121
                    3  0.2467D-01  0.1000D-02       242
                    4  0.1191D-01  0.1000D-02       242
                    5  0.6481D-02  0.1000D-02       242
                    6  0.3910D-02  0.1000D-02       242
                    7  0.2534D-02  0.1000D-02       242
                    8  0.1792D-02  0.1000D-02       121
                    9  0.1325D-02  0.1000D-02       121
                   10  0.9594D-03  0.1000D-02       121
              2     0.2592E+00     0.7430E+01                      212
0

                  IT   DIFMAX       TOLB        NOCCUR
                  --   ------       ----        ------
                    1  0.9534D-01  0.1000D-02       121
                    2  0.2965D-01  0.1000D-02       121
                    3  0.1240D-01  0.1000D-02       242
                    4  0.6019D-02  0.1000D-02       242
                    5  0.3295D-02  0.1000D-02       242
                    6  0.1996D-02  0.1000D-02       242
                    7  0.1297D-02  0.1000D-02       242
                    8  0.9220D-03  0.1000D-02       121
              3     0.1287E+00     0.1772E+01                      212
0

                  IT   DIFMAX       TOLB        NOCCUR
                  --   ------       ----        ------
                    1  0.4663D-01  0.1000D-02       121
                    2  0.1435D-01  0.1000D-02       121
                    3  0.6266D-02  0.1000D-02       242
                    4  0.3075D-02  0.1000D-02       242
                    5  0.1701D-02  0.1000D-02       242
                    6  0.1039D-02  0.1000D-02       242
                    7  0.6782D-03  0.1000D-02       242
              4     0.6293E-01     0.7689E+01                      206
0

                  IT   DIFMAX       TOLB        NOCCUR
                  --   ------       ----        ------
                    1  0.2259D-01  0.1000D-02       121
                    2  0.7184D-02  0.1000D-02       242
                    3  0.3185D-02  0.1000D-02       242
                    4  0.1588D-02  0.1000D-02       242
                    5  0.8912D-03  0.1000D-02       242
              5     0.3069E-01     0.1576E+01                      183
0

                  IT   DIFMAX       TOLB        NOCCUR
                  --   ------       ----        ------
                    1  0.1081D-01  0.1000D-02       121
                    2  0.3693D-02  0.1000D-02       242
                    3  0.1682D-02  0.1000D-02       242
                    4  0.8635D-03  0.1000D-02       242
              6     0.1521E-01     0.4465E+00                       66
0

                  IT   DIFMAX       TOLB        NOCCUR
                  --   ------       ----        ------
                    1  0.5134D-02  0.1000D-02       121
                    2  0.1960D-02  0.1000D-02       242
                    3  0.9261D-03  0.1000D-02       242
              7     0.7511E-02     0.1841E+00                       28
0

                  IT   DIFMAX       TOLB        NOCCUR
                  --   ------       ----        ------
                    1  0.2505D-02  0.1000D-02       242
                    2  0.1105D-02  0.1000D-02       242
                    3  0.5475D-03  0.1000D-02       242
              8     0.4158E-02     0.9505E-01                       13
0

                  IT   DIFMAX       TOLB        NOCCUR
                  --   ------       ----        ------
                    1  0.1376D-02  0.1000D-02       242
                    2  0.6341D-03  0.1000D-02       242
              9     0.2010E-02     0.4470E-01                        1
0

                  IT   DIFMAX       TOLB        NOCCUR
                  --   ------       ----        ------
                    1  0.8388D-03  0.1000D-02       242
                    2  0.4070D-03  0.1000D-02       242
             10     0.1246E-02     0.2743E-01                        0


 TABLE OF ITERATIVE PARAMETERS FOR  3-TH CYCLE

      ITERATION       RESIDUAL      DEVIATION      NO. NON-CONV. NODES
0

                  IT   DIFMAX       TOLB        NOCCUR
                  --   ------       ----        ------
                    1  0.2622D+01  0.1000D-02       100
                    2  0.8192D+00  0.1000D-02       100
                    3  0.3354D+00  0.1000D-02       221
                    4  0.1618D+00  0.1000D-02       221
                    5  0.8804D-01  0.1000D-02       221
                    6  0.5310D-01  0.1000D-02       221
                    7  0.3440D-01  0.1000D-02       221
                    8  0.2432D-01  0.1000D-02       100
                    9  0.1798D-01  0.1000D-02       100
                   10  0.1302D-01  0.1000D-02       100
                   11  0.9342D-02  0.1000D-02       100
                   12  0.6670D-02  0.1000D-02       100
                   13  0.4752D-02  0.1000D-02       100
                   14  0.3381D-02  0.1000D-02       100
                   15  0.2405D-02  0.1000D-02       100
                   16  0.1710D-02  0.1000D-02       100
                   17  0.1215D-02  0.1000D-02       100
                   18  0.8638D-03  0.1000D-02       100
              1     0.3562E+00     0.3088E+01                      216
0

                  IT   DIFMAX       TOLB        NOCCUR
                  --   ------       ----        ------
                    1  0.1341D+00  0.1000D-02       120
                    2  0.4188D-01  0.1000D-02       120
                    3  0.1720D-01  0.1000D-02       241
                    4  0.8303D-02  0.1000D-02       241
                    5  0.4522D-02  0.1000D-02       241
                    6  0.2729D-02  0.1000D-02       241
                    7  0.1769D-02  0.1000D-02       241
                    8  0.1251D-02  0.1000D-02       120
                    9  0.9251D-03  0.1000D-02       120
              2     0.1810E+00     0.3393E+01                      214
0

                  IT   DIFMAX       TOLB        NOCCUR
                  --   ------       ----        ------
                    1  0.6721D-01  0.1000D-02       120
                    2  0.2085D-01  0.1000D-02       120
                    3  0.8805D-02  0.1000D-02       241
                    4  0.4284D-02  0.1000D-02       241
                    5  0.2350D-02  0.1000D-02       241
                    6  0.1426D-02  0.1000D-02       241
                    7  0.9277D-03  0.1000D-02       241
              3     0.9119E-01     0.2688E+01                      209
0

                  IT   DIFMAX       TOLB        NOCCUR
                  --   ------       ----        ------
                    1  0.3355D-01  0.1000D-02       120
                    2  0.1044D-01  0.1000D-02       241
                    3  0.4591D-02  0.1000D-02       241
                    4  0.2267D-02  0.1000D-02       241
                    5  0.1261D-02  0.1000D-02       241
                    6  0.7730D-03  0.1000D-02       241
              4     0.4538E-01     0.5827E+00                      186
0

                  IT   DIFMAX       TOLB        NOCCUR
                  --   ------       ----        ------
                    1  0.1668D-01  0.1000D-02       120
                    2  0.5436D-02  0.1000D-02       241
                    3  0.2433D-02  0.1000D-02       241
                    4  0.1226D-02  0.1000D-02       241
                    5  0.6947D-03  0.1000D-02       241
              5     0.2316E-01     0.2299E+00                       71
0

                  IT   DIFMAX       TOLB        NOCCUR
                  --   ------       ----        ------
                    1  0.8234D-02  0.1000D-02       120
                    2  0.2880D-02  0.1000D-02       241
                    3  0.1323D-02  0.1000D-02       241
                    4  0.6853D-03  0.1000D-02       241
              6     0.1184E-01     0.1052E+00                       27
0

                  IT   DIFMAX       TOLB        NOCCUR
                  --   ------       ----        ------
                    1  0.4036D-02  0.1000D-02       120
                    2  0.1575D-02  0.1000D-02       241
                    3  0.7490D-03  0.1000D-02       241
              7     0.6020E-02     0.5078E-01                        4
0

                  IT   DIFMAX       TOLB        NOCCUR
                  --   ------       ----        ------
                    1  0.2059D-02  0.1000D-02       241
                    2  0.9115D-03  0.1000D-02       241
              8     0.2971E-02     0.2443E-01                        2
0

                  IT   DIFMAX       TOLB        NOCCUR
                  --   ------       ----        ------
                    1  0.1261D-02  0.1000D-02       241
                    2  0.5847D-03  0.1000D-02       241
              9     0.1845E-02     0.1501E-01                        0
     ITERATION         RES            RD                    NNCVN
              1     0.7000E+01     0.1358E+01                      228
1 TABLE OF SYSTEM-FLOW PARAMETERS  TABLE:    1.. AT TIME =  0.0000D+00
 (DELT =  5.0000D-02) ITIM=   0

  TYPE OF FLOW                         RATE       INC. FLOW    TOTAL FLOW
1. FLOW THROUGH DIRICHLET NODES ..   2.8914D-01    0.0000D+00    0.0000D+00
2. FLOW THROUGH CAUCHY NODES . . .   0.0000D+00    0.0000D+00    0.0000D+00
3. FLOW THROUGH NEUMANN NODES .  .   0.0000D+00    0.0000D+00    0.0000D+00
4. FLOW THROUGH SEEPAGE NODES .. .   3.8992D-01    0.0000D+00    0.0000D+00
5. FLOW THROUGH INFILTRATION NODES  -5.8136D-01    0.0000D+00    0.0000D+00
6. FLOW THROUGH UNSPECIFIED NODES   -9.8272D-02    0.0000D+00    0.0000D+00
7. NET FLOW THROUGH ENTIRE BOUNDARY -5.7852D-04    0.0000D+00    0.0000D+00
8. ARTIFICIAL SOURCES/SINKS . . . .  0.0000D+00    0.0000D+00    0.0000D+00
9. INCREASE IN WATER CONTENT . . .   5.7852D-04    0.0000D+00    2.4996D+02
 *** NOTE: (+) = OUT FROM, (-) = INTO THE REGION. 



 RAINFALL-SEEPAGE NODAL FLOWS (L**3/T)
    -0.1271D-01    -0.2570D-01    -0.2713D-01    -0.2922D-01    -0.2942D-01
    -0.2964D-01    -0.3004D-01    -0.3048D-01    -0.3080D-01    -0.3078D-01
    -0.1478D-01     0.9431D-03     0.5930D-03     0.8452D-02     0.1664D-01
     0.2456D-01     0.3392D-01     0.4746D-01     0.6238D-01    -0.1271D-01
    -0.2570D-01    -0.2713D-01    -0.2922D-01    -0.2942D-01    -0.2964D-01
    -0.3004D-01    -0.3048D-01    -0.3080D-01    -0.3077D-01    -0.1477D-01
     0.9336D-03     0.5963D-03     0.8456D-02     0.1664D-01     0.2457D-01
     0.3392D-01     0.4746D-01     0.6238D-01
0 VALUES OF NPCON
             11             22             33             44              0
              0              0              0              0              0
              0              0            119            118            117
            116            115            114            113            132
            143            154            165              0              0
              0              0              0              0              0
              0            240            239            238            237
            236            235            234
0 VALUES OF NPMIN
              0              0              0              0              0
              0              0              0              0              0
              0              0              0              0              0
              0              0              0              0              0
              0              0              0              0              0
              0              0              0              0              0
              0              0              0              0              0
              0              0              0
0 VALUES OF NPFLX
              0              0              0              0             55
             66             77             88             99            110
            121            120              0              0              0
              0              0              0              0              0
              0              0              0            176            187
            198            209            220            231            242
            241              0              0              0              0
              0              0              0
1 OUTPUT TABLE   5.. PRESSURE HEADS(L) AT TIME =  0.0000D+00
 (DELT =  5.0000D-02),(BAND WIDTH =  35)  IT =    0

 STEADY-STATE INITIAL CONDITIONS 
  NODE    HEAD(L)    NODE    HEAD(L)    NODE    HEAD(L)    NODE    HEAD(L)   
  ----    -------    ----    -------    ----    -------    ----    -------   
     1  6.84184D+00     2  5.88030D+00     3  4.99465D+00     4  4.18194D+00
     5  3.43752D+00     6  2.75539D+00     7  2.12857D+00     8  1.54936D+00
     9  1.00903D+00    10  4.96964D-01    11  0.00000D+00    12  6.80304D+00
    13  5.84202D+00    14  4.95789D+00    15  4.14757D+00    16  3.40622D+00
    17  2.72762D+00    18  2.10465D+00    19  1.52962D+00    20  9.94386D-01
    21  4.88956D-01    22  0.00000D+00    23  6.68556D+00    24  5.72615D+00
    25  4.84671D+00    26  4.04377D+00    27  3.31186D+00    28  2.64408D+00
    29  2.03270D+00    30  1.46989D+00    31  9.48343D-01    32  4.62923D-01
    33  0.00000D+00    34  6.48607D+00    35  5.52951D+00    36  4.65838D+00
    37  3.86844D+00    38  3.15310D+00    39  2.50410D+00    40  1.91240D+00
    41  1.36927D+00    42  8.67722D-01    43  4.03976D-01    44  0.00000D+00
    45  6.19870D+00    46  5.24649D+00    47  4.38803D+00    48  3.61791D+00
    49  2.92773D+00    50  2.30690D+00    51  1.74401D+00    52  1.22823D+00
    53  7.50896D-01    54  3.08248D-01    55 -1.06326D-01    56  5.81449D+00
    57  4.86852D+00    58  4.02826D+00    59  3.28670D+00    60  2.63267D+00
    61  2.05198D+00    62  1.52925D+00    63  1.04997D+00    64  6.02319D-01
    65  1.77434D-01    66 -2.30028D-01    67  5.32063D+00    68  4.38327D+00
    69  3.56828D+00    70  2.86686D+00    71  2.26386D+00    72  1.73943D+00
    73  1.27198D+00    74  8.41469D-01    75  4.31573D-01    76  3.07365D-02
    77 -3.67683D-01    78  4.69997D+00    79  3.77353D+00    80  2.99244D+00
    81  2.34670D+00    82  1.81599D+00    83  1.37056D+00    84  9.79170D-01
    85  6.14027D-01    86  2.53471D-01    87 -1.16839D-01    88 -5.01715D-01
    89  3.93116D+00    90  3.01719D+00    91  2.27527D+00    92  1.70846D+00
    93  1.28240D+00    94  9.49652D-01    95  6.62018D-01    96  3.84214D-01
    97  8.83173D-02    98 -2.45713D-01    99 -6.11683D-01   100  3.01481D+00
   101  2.07652D+00   102  1.37385D+00   103  9.13435D-01   104  6.67583D-01
   105  4.86788D-01   106  3.32707D-01   107  1.79025D-01   108 -3.50253D-02
   109 -3.26193D-01   110 -6.83428D-01   111  2.00000D+00   112  1.00000D+00
   113  0.00000D+00   114  0.00000D+00   115  0.00000D+00   116  0.00000D+00
   117  0.00000D+00   118  0.00000D+00   119  0.00000D+00   120 -3.58072D-01
   121 -7.07201D-01   122  6.84198D+00   123  5.88043D+00   124  4.99479D+00
   125  4.18208D+00   126  3.43766D+00   127  2.75552D+00   128  2.12869D+00
   129  1.54948D+00   130  1.00912D+00   131  4.97011D-01   132  0.00000D+00
   133  6.80318D+00   134  5.84215D+00   135  4.95803D+00   136  4.14771D+00
   137  3.40636D+00   138  2.72776D+00   139  2.10478D+00   140  1.52973D+00
   141  9.94477D-01   142  4.89007D-01   143  0.00000D+00   144  6.68569D+00
   145  5.72628D+00   146  4.84685D+00   147  4.04391D+00   148  3.31200D+00
   149  2.64423D+00   150  2.03285D+00   151  1.47002D+00   152  9.48460D-01
   153  4.62995D-01   154  0.00000D+00   155  6.48620D+00   156  5.52964D+00
   157  4.65851D+00   158  3.86858D+00   159  3.15324D+00   160  2.50425D+00
   161  1.91256D+00   162  1.36943D+00   163  8.67880D-01   164  4.04132D-01
   165  0.00000D+00   166  6.19883D+00   167  5.24662D+00   168  4.38816D+00
   169  3.61805D+00   170  2.92787D+00   171  2.30706D+00   172  1.74419D+00
   173  1.22842D+00   174  7.51102D-01   175  3.08477D-01   176 -1.05854D-01
   177  5.81461D+00   178  4.86864D+00   179  4.02839D+00   180  3.28684D+00
   181  2.63282D+00   182  2.05215D+00   183  1.52944D+00   184  1.05018D+00
   185  6.02565D-01   186  1.77727D-01   187 -2.29730D-01   188  5.32075D+00
   189  4.38338D+00   190  3.56840D+00   191  2.86699D+00   192  2.26401D+00
   193  1.73960D+00   194  1.27218D+00   195  8.41711D-01   196  4.31857D-01
   197  3.10462D-02   198 -3.67389D-01   199  4.70007D+00   200  3.77363D+00
1 OUTPUT TABLE   5.. PRESSURE HEADS(L) AT TIME =  0.0000D+00
 (DELT =  5.0000D-02),(BAND WIDTH =  35)  IT =    0

 STEADY-STATE INITIAL CONDITIONS 
  NODE    HEAD(L)    NODE    HEAD(L)    NODE    HEAD(L)    NODE    HEAD(L)   
  ----    -------    ----    -------    ----    -------    ----    -------   
   201  2.99255D+00   202  2.34681D+00   203  1.81612D+00   204  1.37072D+00
   205  9.79371D-01   206  6.14290D-01   207  2.53803D-01   208 -1.16466D-01
   209 -5.01424D-01   210  3.93125D+00   211  3.01728D+00   212  2.27536D+00
   213  1.70855D+00   214  1.28250D+00   215  9.49784D-01   216  6.62196D-01
   217  3.84485D-01   218  8.87151D-02   219 -2.45201D-01   220 -6.11392D-01
   221  3.01488D+00   222  2.07660D+00   223  1.37392D+00   224  9.13507D-01
   225  6.67660D-01   226  4.86877D-01   227  3.32824D-01   228  1.79215D-01
   229 -3.45307D-02   230 -3.25468D-01   231 -6.82993D-01   232  2.00000D+00
   233  1.00000D+00   234  0.00000D+00   235  0.00000D+00   236  0.00000D+00
   237  0.00000D+00   238  0.00000D+00   239  0.00000D+00   240  0.00000D+00
   241 -3.56338D-01   242 -7.06826D-01
1 OUTPUT TABLE   6. TOTAL HEADS(L) AT TIME =  0.0000D+00
 (DELT =  5.0000D-02),(BAND WIDTH =  35)  IT =    0

 STEADY-STATE INITIAL CONDITIONS 
  NODE  TOT HEAD(L)  NODE  TOT HEAD(L)  NODE  TOT HEAD(L)  NODE  TOT HEAD(L) 
  ----  -----------  ----  -----------  ----  -----------  ----  ----------- 
     1  6.84184D+00     2  6.88030D+00     3  6.99465D+00     4  7.18194D+00
     5  7.43752D+00     6  7.75539D+00     7  8.12857D+00     8  8.54936D+00
     9  9.00903D+00    10  9.49696D+00    11  1.00000D+01    12  6.80304D+00
    13  6.84202D+00    14  6.95789D+00    15  7.14757D+00    16  7.40622D+00
    17  7.72762D+00    18  8.10465D+00    19  8.52962D+00    20  8.99439D+00
    21  9.48896D+00    22  1.00000D+01    23  6.68556D+00    24  6.72615D+00
    25  6.84671D+00    26  7.04377D+00    27  7.31186D+00    28  7.64408D+00
    29  8.03270D+00    30  8.46989D+00    31  8.94834D+00    32  9.46292D+00
    33  1.00000D+01    34  6.48607D+00    35  6.52951D+00    36  6.65838D+00
    37  6.86844D+00    38  7.15310D+00    39  7.50410D+00    40  7.91240D+00
    41  8.36927D+00    42  8.86772D+00    43  9.40398D+00    44  1.00000D+01
    45  6.19870D+00    46  6.24649D+00    47  6.38803D+00    48  6.61791D+00
    49  6.92773D+00    50  7.30690D+00    51  7.74401D+00    52  8.22823D+00
    53  8.75090D+00    54  9.30825D+00    55  9.89367D+00    56  5.81449D+00
    57  5.86852D+00    58  6.02826D+00    59  6.28670D+00    60  6.63267D+00
    61  7.05198D+00    62  7.52925D+00    63  8.04997D+00    64  8.60232D+00
    65  9.17743D+00    66  9.76997D+00    67  5.32063D+00    68  5.38327D+00
    69  5.56828D+00    70  5.86686D+00    71  6.26386D+00    72  6.73943D+00
    73  7.27198D+00    74  7.84147D+00    75  8.43157D+00    76  9.03074D+00
    77  9.63232D+00    78  4.69997D+00    79  4.77353D+00    80  4.99244D+00
    81  5.34670D+00    82  5.81599D+00    83  6.37056D+00    84  6.97917D+00
    85  7.61403D+00    86  8.25347D+00    87  8.88316D+00    88  9.49828D+00
    89  3.93116D+00    90  4.01719D+00    91  4.27527D+00    92  4.70846D+00
    93  5.28240D+00    94  5.94965D+00    95  6.66202D+00    96  7.38421D+00
    97  8.08832D+00    98  8.75429D+00    99  9.38832D+00   100  3.01481D+00
   101  3.07652D+00   102  3.37385D+00   103  3.91343D+00   104  4.66758D+00
   105  5.48679D+00   106  6.33271D+00   107  7.17902D+00   108  7.96497D+00
   109  8.67381D+00   110  9.31657D+00   111  2.00000D+00   112  2.00000D+00
   113  2.00000D+00   114  3.00000D+00   115  4.00000D+00   116  5.00000D+00
   117  6.00000D+00   118  7.00000D+00   119  8.00000D+00   120  8.64193D+00
   121  9.29280D+00   122  6.84198D+00   123  6.88043D+00   124  6.99479D+00
   125  7.18208D+00   126  7.43766D+00   127  7.75552D+00   128  8.12869D+00
   129  8.54948D+00   130  9.00912D+00   131  9.49701D+00   132  1.00000D+01
   133  6.80318D+00   134  6.84215D+00   135  6.95803D+00   136  7.14771D+00
   137  7.40636D+00   138  7.72776D+00   139  8.10478D+00   140  8.52973D+00
   141  8.99448D+00   142  9.48901D+00   143  1.00000D+01   144  6.68569D+00
   145  6.72628D+00   146  6.84685D+00   147  7.04391D+00   148  7.31200D+00
   149  7.64423D+00   150  8.03285D+00   151  8.47002D+00   152  8.94846D+00
   153  9.46299D+00   154  1.00000D+01   155  6.48620D+00   156  6.52964D+00
   157  6.65851D+00   158  6.86858D+00   159  7.15324D+00   160  7.50425D+00
   161  7.91256D+00   162  8.36943D+00   163  8.86788D+00   164  9.40413D+00
   165  1.00000D+01   166  6.19883D+00   167  6.24662D+00   168  6.38816D+00
   169  6.61805D+00   170  6.92787D+00   171  7.30706D+00   172  7.74419D+00
   173  8.22842D+00   174  8.75110D+00   175  9.30848D+00   176  9.89415D+00
   177  5.81461D+00   178  5.86864D+00   179  6.02839D+00   180  6.28684D+00
   181  6.63282D+00   182  7.05215D+00   183  7.52944D+00   184  8.05018D+00
   185  8.60256D+00   186  9.17773D+00   187  9.77027D+00   188  5.32075D+00
   189  5.38338D+00   190  5.56840D+00   191  5.86699D+00   192  6.26401D+00
   193  6.73960D+00   194  7.27218D+00   195  7.84171D+00   196  8.43186D+00
   197  9.03105D+00   198  9.63261D+00   199  4.70007D+00   200  4.77363D+00
1 OUTPUT TABLE   6. TOTAL HEADS(L) AT TIME =  0.0000D+00
 (DELT =  5.0000D-02),(BAND WIDTH =  35)  IT =    0

 STEADY-STATE INITIAL CONDITIONS 
  NODE  TOT HEAD(L)  NODE  TOT HEAD(L)  NODE  TOT HEAD(L)  NODE  TOT HEAD(L) 
  ----  -----------  ----  -----------  ----  -----------  ----  ----------- 
   201  4.99255D+00   202  5.34681D+00   203  5.81612D+00   204  6.37072D+00
   205  6.97937D+00   206  7.61429D+00   207  8.25380D+00   208  8.88353D+00
   209  9.49858D+00   210  3.93125D+00   211  4.01728D+00   212  4.27536D+00
   213  4.70855D+00   214  5.28250D+00   215  5.94978D+00   216  6.66220D+00
   217  7.38449D+00   218  8.08872D+00   219  8.75480D+00   220  9.38861D+00
   221  3.01488D+00   222  3.07660D+00   223  3.37392D+00   224  3.91351D+00
   225  4.66766D+00   226  5.48688D+00   227  6.33282D+00   228  7.17921D+00
   229  7.96547D+00   230  8.67453D+00   231  9.31701D+00   232  2.00000D+00
   233  2.00000D+00   234  2.00000D+00   235  3.00000D+00   236  4.00000D+00
   237  5.00000D+00   238  6.00000D+00   239  7.00000D+00   240  8.00000D+00
   241  8.64366D+00   242  9.29317D+00
1 OUTPUT TABLE   7. WATER CONTENT(L**3/L**3) AT TIME =  0.0000D+00
 (DELT =  5.0000D-02),(BAND WIDTH =  35)  IT =    0

 STEADY-STATE INITIAL CONDITIONS 

                               GAUSSIAN POINTS
               1       2       3       4       5       6       7       8
 ELEMENT  --------------------------------------------------------------
1 OUTPUT TABLE   7. WATER CONTENT(L**3/L**3) AT TIME =  0.0000D+00
 (DELT =  5.0000D-02),(BAND WIDTH =  35)  IT =    0

 STEADY-STATE INITIAL CONDITIONS 

                               GAUSSIAN POINTS
               1       2       3       4       5       6       7       8
 ELEMENT  --------------------------------------------------------------
       1   0.25000 0.25000 0.25000 0.25000 0.25000 0.25000 0.25000 0.25000
       2   0.25000 0.25000 0.25000 0.25000 0.25000 0.25000 0.25000 0.25000
       3   0.25000 0.25000 0.25000 0.25000 0.25000 0.25000 0.25000 0.25000
       4   0.25000 0.25000 0.25000 0.25000 0.25000 0.25000 0.25000 0.25000
       5   0.25000 0.25000 0.25000 0.25000 0.25000 0.25000 0.25000 0.25000
       6   0.25000 0.25000 0.25000 0.25000 0.25000 0.25000 0.25000 0.25000
       7   0.25000 0.25000 0.25000 0.25000 0.25000 0.25000 0.25000 0.25000
       8   0.25000 0.25000 0.25000 0.25000 0.25000 0.25000 0.25000 0.25000
       9   0.25000 0.25000 0.25000 0.25000 0.25000 0.25000 0.25000 0.25000
      10   0.25000 0.25000 0.25000 0.25000 0.25000 0.25000 0.25000 0.25000
      11   0.25000 0.25000 0.25000 0.25000 0.25000 0.25000 0.25000 0.25000
      12   0.25000 0.25000 0.25000 0.25000 0.25000 0.25000 0.25000 0.25000
      13   0.25000 0.25000 0.25000 0.25000 0.25000 0.25000 0.25000 0.25000
      14   0.25000 0.25000 0.25000 0.25000 0.25000 0.25000 0.25000 0.25000
      15   0.25000 0.25000 0.25000 0.25000 0.25000 0.25000 0.25000 0.25000
      16   0.25000 0.25000 0.25000 0.25000 0.25000 0.25000 0.25000 0.25000
      17   0.25000 0.25000 0.25000 0.25000 0.25000 0.25000 0.25000 0.25000
      18   0.25000 0.25000 0.25000 0.25000 0.25000 0.25000 0.25000 0.25000
      19   0.25000 0.25000 0.25000 0.25000 0.25000 0.25000 0.25000 0.25000
      20   0.25000 0.25000 0.25000 0.25000 0.25000 0.25000 0.25000 0.25000
      21   0.25000 0.25000 0.25000 0.25000 0.25000 0.25000 0.25000 0.25000
      22   0.25000 0.25000 0.25000 0.25000 0.25000 0.25000 0.25000 0.25000
      23   0.25000 0.25000 0.25000 0.25000 0.25000 0.25000 0.25000 0.25000
      24   0.25000 0.25000 0.25000 0.25000 0.25000 0.25000 0.25000 0.25000
      25   0.25000 0.25000 0.25000 0.25000 0.25000 0.25000 0.25000 0.25000
      26   0.25000 0.25000 0.25000 0.25000 0.25000 0.25000 0.25000 0.25000
      27   0.25000 0.25000 0.25000 0.25000 0.25000 0.25000 0.25000 0.25000
      28   0.25000 0.25000 0.25000 0.25000 0.25000 0.25000 0.25000 0.25000
      29   0.25000 0.25000 0.25000 0.25000 0.25000 0.25000 0.25000 0.25000
      30   0.25000 0.25000 0.25000 0.25000 0.25000 0.25000 0.25000 0.25000
      31   0.25000 0.25000 0.25000 0.25000 0.25000 0.25000 0.25000 0.25000
      32   0.25000 0.25000 0.25000 0.25000 0.25000 0.25000 0.25000 0.25000
      33   0.25000 0.25000 0.25000 0.25000 0.25000 0.25000 0.25000 0.25000
      34   0.25000 0.25000 0.25000 0.25000 0.25000 0.25000 0.25000 0.25000
      35   0.25000 0.25000 0.25000 0.25000 0.25000 0.25000 0.25000 0.25000
      36   0.25000 0.25000 0.25000 0.25000 0.25000 0.25000 0.25000 0.25000
      37   0.25000 0.25000 0.25000 0.25000 0.25000 0.25000 0.25000 0.25000
      38   0.25000 0.25000 0.25000 0.25000 0.25000 0.25000 0.25000 0.25000
      39   0.25000 0.25000 0.25000 0.25000 0.25000 0.25000 0.25000 0.25000
      40   0.25000 0.25000 0.25000 0.25000 0.25000 0.25000 0.25000 0.25000
      41   0.25000 0.25000 0.25000 0.25000 0.25000 0.25000 0.25000 0.25000
      42   0.25000 0.25000 0.25000 0.25000 0.25000 0.25000 0.25000 0.25000
      43   0.25000 0.25000 0.25000 0.25000 0.25000 0.25000 0.25000 0.25000
      44   0.25000 0.25000 0.25000 0.25000 0.25000 0.25000 0.25000 0.25000
      45   0.25000 0.25000 0.25000 0.25000 0.25000 0.25000 0.25000 0.25000
      46   0.25000 0.25000 0.25000 0.25000 0.25000 0.25000 0.25000 0.25000
      47   0.25000 0.25000 0.25000 0.25000 0.25000 0.25000 0.25000 0.25000
      48   0.25000 0.25000 0.25000 0.25000 0.25000 0.25000 0.25000 0.25000
      49   0.25000 0.25000 0.25000 0.25000 0.25000 0.25000 0.25000 0.25000
      50   0.25000 0.25000 0.25000 0.25000 0.25000 0.25000 0.25000 0.25000
1 OUTPUT TABLE   7. WATER CONTENT(L**3/L**3) AT TIME =  0.0000D+00
 (DELT =  5.0000D-02),(BAND WIDTH =  35)  IT =    0

 STEADY-STATE INITIAL CONDITIONS 

                               GAUSSIAN POINTS
               1       2       3       4       5       6       7       8
 ELEMENT  --------------------------------------------------------------
      51   0.25000 0.25000 0.25000 0.25000 0.25000 0.25000 0.25000 0.25000
      52   0.25000 0.25000 0.25000 0.25000 0.25000 0.25000 0.25000 0.25000
      53   0.25000 0.25000 0.25000 0.25000 0.25000 0.25000 0.25000 0.25000
      54   0.25000 0.25000 0.25000 0.25000 0.25000 0.25000 0.25000 0.25000
      55   0.25000 0.25000 0.25000 0.25000 0.25000 0.25000 0.25000 0.25000
      56   0.25000 0.25000 0.25000 0.25000 0.25000 0.25000 0.25000 0.25000
      57   0.25000 0.25000 0.25000 0.25000 0.25000 0.25000 0.25000 0.25000
      58   0.25000 0.25000 0.25000 0.25000 0.25000 0.25000 0.25000 0.25000
      59   0.25000 0.25000 0.25000 0.25000 0.25000 0.25000 0.25000 0.25000
      60   0.25000 0.25000 0.25000 0.25000 0.24998 0.24992 0.24992 0.24998
      61   0.25000 0.25000 0.25000 0.25000 0.25000 0.25000 0.25000 0.25000
      62   0.25000 0.25000 0.25000 0.25000 0.25000 0.25000 0.25000 0.25000
      63   0.25000 0.25000 0.25000 0.25000 0.25000 0.25000 0.25000 0.25000
      64   0.25000 0.25000 0.25000 0.25000 0.25000 0.25000 0.25000 0.25000
      65   0.25000 0.25000 0.25000 0.25000 0.25000 0.25000 0.25000 0.25000
      66   0.25000 0.25000 0.25000 0.25000 0.25000 0.25000 0.25000 0.25000
      67   0.25000 0.25000 0.25000 0.25000 0.25000 0.25000 0.25000 0.25000
      68   0.25000 0.25000 0.25000 0.25000 0.25000 0.25000 0.25000 0.25000
      69   0.25000 0.25000 0.25000 0.25000 0.25000 0.25000 0.25000 0.25000
      70   0.25000 0.24998 0.24998 0.25000 0.24981 0.24953 0.24953 0.24981
      71   0.25000 0.25000 0.25000 0.25000 0.25000 0.25000 0.25000 0.25000
      72   0.25000 0.25000 0.25000 0.25000 0.25000 0.25000 0.25000 0.25000
      73   0.25000 0.25000 0.25000 0.25000 0.25000 0.25000 0.25000 0.25000
      74   0.25000 0.25000 0.25000 0.25000 0.25000 0.25000 0.25000 0.25000
      75   0.25000 0.25000 0.25000 0.25000 0.25000 0.25000 0.25000 0.25000
      76   0.25000 0.25000 0.25000 0.25000 0.25000 0.25000 0.25000 0.25000
      77   0.25000 0.25000 0.25000 0.25000 0.25000 0.25000 0.25000 0.25000
      78   0.25000 0.25000 0.25000 0.25000 0.25000 0.25000 0.25000 0.25000
      79   0.25000 0.25000 0.25000 0.25000 0.25000 0.24999 0.24999 0.25000
      80   0.24995 0.24985 0.24985 0.24995 0.24922 0.24865 0.24866 0.24922
      81   0.25000 0.25000 0.25000 0.25000 0.25000 0.25000 0.25000 0.25000
      82   0.25000 0.25000 0.25000 0.25000 0.25000 0.25000 0.25000 0.25000
      83   0.25000 0.25000 0.25000 0.25000 0.25000 0.25000 0.25000 0.25000
      84   0.25000 0.25000 0.25000 0.25000 0.25000 0.25000 0.25000 0.25000
      85   0.25000 0.25000 0.25000 0.25000 0.25000 0.25000 0.25000 0.25000
      86   0.25000 0.25000 0.25000 0.25000 0.25000 0.25000 0.25000 0.25000
      87   0.25000 0.25000 0.25000 0.25000 0.25000 0.25000 0.25000 0.25000
      88   0.25000 0.25000 0.25000 0.25000 0.25000 0.25000 0.25000 0.25000
      89   0.25000 0.25000 0.25000 0.25000 0.24997 0.24993 0.24993 0.24997
      90   0.24973 0.24956 0.24956 0.24974 0.24819 0.24757 0.24757 0.24819
      91   0.25000 0.25000 0.25000 0.25000 0.25000 0.25000 0.25000 0.25000
      92   0.25000 0.25000 0.25000 0.25000 0.25000 0.25000 0.25000 0.25000
      93   0.25000 0.25000 0.25000 0.25000 0.25000 0.25000 0.25000 0.25000
      94   0.25000 0.25000 0.25000 0.25000 0.25000 0.25000 0.25000 0.25000
      95   0.25000 0.25000 0.25000 0.25000 0.25000 0.25000 0.25000 0.25000
      96   0.25000 0.25000 0.25000 0.25000 0.25000 0.25000 0.25000 0.25000
      97   0.25000 0.25000 0.25000 0.25000 0.25000 0.25000 0.25000 0.25000
      98   0.25000 0.25000 0.25000 0.25000 0.25000 0.25000 0.25000 0.25000
      99   0.25000 0.25000 0.25000 0.25000 0.24990 0.24988 0.24988 0.24990
     100   0.24945 0.24935 0.24935 0.24945 0.24721 0.24694 0.24695 0.24722
1 OUTPUT TABLE   8.. DARCY VELOCITIES (L/T) AT TIME =  0.0000D+00
 (DELT =  5.0000D-02),(BAND WIDTH =  35)  IT =    0

 STEADY-STATE INITIAL CONDITIONS 

  NODE     VX         VY         VZ      NODE     VX         VY         VZ     
  -------------------------------------  ------------------------------------- 

     1  3.863D-04  0.000D+00 -3.863D-04     2  3.811D-04  0.000D+00 -7.674D-04
     3  3.662D-04  0.000D+00 -1.515D-03     4  3.426D-04  0.000D+00 -2.223D-03
     5  3.122D-04  0.000D+00 -2.878D-03     6  2.771D-04  0.000D+00 -3.468D-03
     7  2.386D-04  0.000D+00 -3.983D-03     8  1.959D-04  0.000D+00 -4.418D-03
     9  1.439D-04  0.000D+00 -4.757D-03    10  7.778D-05  0.000D+00 -4.979D-03
    11  2.669D-05  0.000D+00 -5.057D-03    12  7.779D-04  0.000D+00 -3.916D-04
    13  7.674D-04  0.000D+00 -7.778D-04    14  7.367D-04  0.000D+00 -1.535D-03
    15  6.886D-04  0.000D+00 -2.251D-03    16  6.267D-04  0.000D+00 -2.912D-03
    17  5.556D-04  0.000D+00 -3.505D-03    18  4.785D-04  0.000D+00 -4.023D-03
    19  3.953D-04  0.000D+00 -4.462D-03    20  2.968D-04  0.000D+00 -4.815D-03
    21  1.640D-04  0.000D+00 -5.054D-03    22  5.672D-05  0.000D+00 -5.140D-03
    23  1.577D-03  0.000D+00 -4.080D-04    24  1.555D-03  0.000D+00 -8.098D-04
    25  1.491D-03  0.000D+00 -1.596D-03    26  1.391D-03  0.000D+00 -2.336D-03
    27  1.263D-03  0.000D+00 -3.014D-03    28  1.116D-03  0.000D+00 -3.618D-03
    29  9.607D-04  0.000D+00 -4.142D-03    30  8.002D-04  0.000D+00 -4.590D-03
    31  6.265D-04  0.000D+00 -4.972D-03    32  3.887D-04  0.000D+00 -5.287D-03
    33  1.416D-04  0.000D+00 -5.425D-03    34  2.422D-03  0.000D+00 -4.369D-04
    35  2.387D-03  0.000D+00 -8.664D-04    36  2.284D-03  0.000D+00 -1.704D-03
    37  2.122D-03  0.000D+00 -2.486D-03    38  1.916D-03  0.000D+00 -3.193D-03
    39  1.685D-03  0.000D+00 -3.812D-03    40  1.445D-03  0.000D+00 -4.340D-03
    41  1.211D-03  0.000D+00 -4.787D-03    42  9.883D-04  0.000D+00 -5.177D-03
    43  7.684D-04  0.000D+00 -5.603D-03    44  6.116D-04  0.000D+00 -5.844D-03
    45  3.340D-03  0.000D+00 -4.811D-04    46  3.288D-03  0.000D+00 -9.528D-04
    47  3.136D-03  0.000D+00 -1.869D-03    48  2.898D-03  0.000D+00 -2.715D-03
    49  2.596D-03  0.000D+00 -3.464D-03    50  2.260D-03  0.000D+00 -4.101D-03
    51  1.920D-03  0.000D+00 -4.624D-03    52  1.605D-03  0.000D+00 -5.047D-03
    53  1.339D-03  0.000D+00 -5.402D-03    54  1.168D-03  0.000D+00 -5.726D-03
    55  1.144D-03  0.000D+00 -5.884D-03    56  4.366D-03  0.000D+00 -5.443D-04
    57  4.292D-03  0.000D+00 -1.077D-03    58  4.078D-03  0.000D+00 -2.106D-03
    59  3.740D-03  0.000D+00 -3.044D-03    60  3.312D-03  0.000D+00 -3.852D-03
    61  2.838D-03  0.000D+00 -4.509D-03    62  2.369D-03  0.000D+00 -5.013D-03
    63  1.949D-03  0.000D+00 -5.382D-03    64  1.618D-03  0.000D+00 -5.649D-03
    65  1.409D-03  0.000D+00 -5.845D-03    66  1.333D-03  0.000D+00 -5.927D-03
    67  5.540D-03  0.000D+00 -6.302D-04    68  5.442D-03  0.000D+00 -1.247D-03
    69  5.149D-03  0.000D+00 -2.438D-03    70  4.677D-03  0.000D+00 -3.509D-03
    71  4.073D-03  0.000D+00 -4.400D-03    72  3.410D-03  0.000D+00 -5.077D-03
    73  2.765D-03  0.000D+00 -5.541D-03    74  2.202D-03  0.000D+00 -5.822D-03
    75  1.771D-03  0.000D+00 -5.962D-03    76  1.497D-03  0.000D+00 -6.011D-03
    77  1.393D-03  0.000D+00 -6.008D-03    78  6.908D-03  0.000D+00 -7.382D-04
    79  6.789D-03  0.000D+00 -1.468D-03    80  6.414D-03  0.000D+00 -2.890D-03
    81  5.757D-03  0.000D+00 -4.164D-03    82  4.895D-03  0.000D+00 -5.174D-03
    83  3.959D-03  0.000D+00 -5.867D-03    84  3.072D-03  0.000D+00 -6.259D-03
    85  2.318D-03  0.000D+00 -6.403D-03    86  1.755D-03  0.000D+00 -6.363D-03
    87  1.409D-03  0.000D+00 -6.223D-03    88  1.261D-03  0.000D+00 -6.095D-03
    89  8.446D-03  0.000D+00 -7.990D-04    90  8.410D-03  0.000D+00 -1.690D-03
    91  8.004D-03  0.000D+00 -3.479D-03    92  7.083D-03  0.000D+00 -5.122D-03
    93  5.759D-03  0.000D+00 -6.302D-03    94  4.442D-03  0.000D+00 -6.956D-03
    95  3.254D-03  0.000D+00 -7.229D-03    96  2.229D-03  0.000D+00 -7.177D-03
    97  1.498D-03  0.000D+00 -6.870D-03    98  1.085D-03  0.000D+00 -6.464D-03
    99  9.314D-04  0.000D+00 -6.161D-03   100  9.799D-03  0.000D+00 -5.548D-04
1 OUTPUT TABLE   8.. DARCY VELOCITIES (L/T) AT TIME =  0.0000D+00
 (DELT =  5.0000D-02),(BAND WIDTH =  35)  IT =    0

 STEADY-STATE INITIAL CONDITIONS 

  NODE     VX         VY         VZ      NODE     VX         VY         VZ     
  -------------------------------------  ------------------------------------- 

   101  1.023D-02  0.000D+00 -1.484D-03   102  1.069D-02  0.000D+00 -4.199D-03
   103  8.660D-03  0.000D+00 -6.818D-03   104  6.490D-03  0.000D+00 -7.946D-03
   105  4.786D-03  0.000D+00 -8.367D-03   106  3.319D-03  0.000D+00 -8.503D-03
   107  1.906D-03  0.000D+00 -8.297D-03   108  7.083D-04  0.000D+00 -7.492D-03
   109  5.217D-04  0.000D+00 -6.602D-03   110  4.852D-04  0.000D+00 -6.156D-03
   111  1.035D-02  0.000D+00 -2.057D-04   112  1.116D-02  0.000D+00 -5.984D-04
   113  1.248D-02  0.000D+00 -4.728D-03   114  9.492D-03  0.000D+00 -8.823D-03
   115  6.785D-03  0.000D+00 -9.289D-03   116  4.913D-03  0.000D+00 -9.442D-03
   117  3.328D-03  0.000D+00 -9.487D-03   118  1.690D-03  0.000D+00 -9.387D-03
   119  1.186D-04  0.000D+00 -7.965D-03   120  1.886D-04  0.000D+00 -6.484D-03
   121  2.512D-04  0.000D+00 -6.161D-03   122  3.863D-04  0.000D+00 -3.863D-04
   123  3.811D-04  0.000D+00 -7.674D-04   124  3.662D-04  0.000D+00 -1.515D-03
   125  3.426D-04  0.000D+00 -2.223D-03   126  3.122D-04  0.000D+00 -2.878D-03
   127  2.771D-04  0.000D+00 -3.468D-03   128  2.386D-04  0.000D+00 -3.983D-03
   129  1.959D-04  0.000D+00 -4.418D-03   130  1.438D-04  0.000D+00 -4.757D-03
   131  7.777D-05  0.000D+00 -4.979D-03   132  2.668D-05  0.000D+00 -5.057D-03
   133  7.779D-04  0.000D+00 -3.916D-04   134  7.674D-04  0.000D+00 -7.778D-04
   135  7.367D-04  0.000D+00 -1.535D-03   136  6.886D-04  0.000D+00 -2.251D-03
   137  6.267D-04  0.000D+00 -2.912D-03   138  5.556D-04  0.000D+00 -3.505D-03
   139  4.785D-04  0.000D+00 -4.023D-03   140  3.953D-04  0.000D+00 -4.462D-03
   141  2.968D-04  0.000D+00 -4.815D-03   142  1.640D-04  0.000D+00 -5.054D-03
   143  5.671D-05  0.000D+00 -5.140D-03   144  1.577D-03  0.000D+00 -4.080D-04
   145  1.555D-03  0.000D+00 -8.098D-04   146  1.491D-03  0.000D+00 -1.596D-03
   147  1.391D-03  0.000D+00 -2.336D-03   148  1.263D-03  0.000D+00 -3.014D-03
   149  1.116D-03  0.000D+00 -3.618D-03   150  9.607D-04  0.000D+00 -4.142D-03
   151  8.001D-04  0.000D+00 -4.590D-03   152  6.264D-04  0.000D+00 -4.972D-03
   153  3.885D-04  0.000D+00 -5.287D-03   154  1.415D-04  0.000D+00 -5.425D-03
   155  2.422D-03  0.000D+00 -4.369D-04   156  2.387D-03  0.000D+00 -8.664D-04
   157  2.284D-03  0.000D+00 -1.704D-03   158  2.122D-03  0.000D+00 -2.486D-03
   159  1.916D-03  0.000D+00 -3.193D-03   160  1.685D-03  0.000D+00 -3.812D-03
   161  1.445D-03  0.000D+00 -4.340D-03   162  1.210D-03  0.000D+00 -4.787D-03
   163  9.881D-04  0.000D+00 -5.177D-03   164  7.681D-04  0.000D+00 -5.603D-03
   165  6.110D-04  0.000D+00 -5.844D-03   166  3.340D-03  0.000D+00 -4.811D-04
   167  3.288D-03  0.000D+00 -9.528D-04   168  3.136D-03  0.000D+00 -1.869D-03
   169  2.898D-03  0.000D+00 -2.715D-03   170  2.596D-03  0.000D+00 -3.464D-03
   171  2.260D-03  0.000D+00 -4.101D-03   172  1.920D-03  0.000D+00 -4.624D-03
   173  1.605D-03  0.000D+00 -5.047D-03   174  1.339D-03  0.000D+00 -5.402D-03
   175  1.167D-03  0.000D+00 -5.726D-03   176  1.144D-03  0.000D+00 -5.885D-03
   177  4.366D-03  0.000D+00 -5.443D-04   178  4.292D-03  0.000D+00 -1.077D-03
   179  4.078D-03  0.000D+00 -2.106D-03   180  3.740D-03  0.000D+00 -3.044D-03
   181  3.312D-03  0.000D+00 -3.852D-03   182  2.838D-03  0.000D+00 -4.509D-03
   183  2.369D-03  0.000D+00 -5.013D-03   184  1.948D-03  0.000D+00 -5.382D-03
   185  1.618D-03  0.000D+00 -5.650D-03   186  1.409D-03  0.000D+00 -5.845D-03
   187  1.334D-03  0.000D+00 -5.927D-03   188  5.540D-03  0.000D+00 -6.302D-04
   189  5.442D-03  0.000D+00 -1.247D-03   190  5.149D-03  0.000D+00 -2.438D-03
   191  4.677D-03  0.000D+00 -3.509D-03   192  4.074D-03  0.000D+00 -4.400D-03
   193  3.410D-03  0.000D+00 -5.077D-03   194  2.765D-03  0.000D+00 -5.542D-03
   195  2.202D-03  0.000D+00 -5.822D-03   196  1.771D-03  0.000D+00 -5.962D-03
   197  1.497D-03  0.000D+00 -6.011D-03   198  1.393D-03  0.000D+00 -6.008D-03
   199  6.908D-03  0.000D+00 -7.382D-04   200  6.789D-03  0.000D+00 -1.468D-03
1 OUTPUT TABLE   8.. DARCY VELOCITIES (L/T) AT TIME =  0.0000D+00
 (DELT =  5.0000D-02),(BAND WIDTH =  35)  IT =    0

 STEADY-STATE INITIAL CONDITIONS 

  NODE     VX         VY         VZ      NODE     VX         VY         VZ     
  -------------------------------------  ------------------------------------- 

   201  6.414D-03  0.000D+00 -2.890D-03   202  5.757D-03  0.000D+00 -4.164D-03
   203  4.895D-03  0.000D+00 -5.174D-03   204  3.959D-03  0.000D+00 -5.867D-03
   205  3.072D-03  0.000D+00 -6.259D-03   206  2.318D-03  0.000D+00 -6.403D-03
   207  1.755D-03  0.000D+00 -6.364D-03   208  1.408D-03  0.000D+00 -6.223D-03
   209  1.261D-03  0.000D+00 -6.095D-03   210  8.446D-03  0.000D+00 -7.990D-04
   211  8.410D-03  0.000D+00 -1.690D-03   212  8.004D-03  0.000D+00 -3.479D-03
   213  7.084D-03  0.000D+00 -5.122D-03   214  5.759D-03  0.000D+00 -6.302D-03
   215  4.442D-03  0.000D+00 -6.956D-03   216  3.254D-03  0.000D+00 -7.229D-03
   217  2.229D-03  0.000D+00 -7.177D-03   218  1.498D-03  0.000D+00 -6.871D-03
   219  1.084D-03  0.000D+00 -6.464D-03   220  9.311D-04  0.000D+00 -6.160D-03
   221  9.799D-03  0.000D+00 -5.548D-04   222  1.023D-02  0.000D+00 -1.484D-03
   223  1.069D-02  0.000D+00 -4.199D-03   224  8.660D-03  0.000D+00 -6.818D-03
   225  6.490D-03  0.000D+00 -7.946D-03   226  4.786D-03  0.000D+00 -8.367D-03
   227  3.319D-03  0.000D+00 -8.503D-03   228  1.907D-03  0.000D+00 -8.297D-03
   229  7.085D-04  0.000D+00 -7.494D-03   230  5.205D-04  0.000D+00 -6.603D-03
   231  4.844D-04  0.000D+00 -6.155D-03   232  1.035D-02  0.000D+00 -2.057D-04
   233  1.116D-02  0.000D+00 -5.984D-04   234  1.248D-02  0.000D+00 -4.728D-03
   235  9.492D-03  0.000D+00 -8.823D-03   236  6.785D-03  0.000D+00 -9.289D-03
   237  4.913D-03  0.000D+00 -9.442D-03   238  3.329D-03  0.000D+00 -9.487D-03
   239  1.691D-03  0.000D+00 -9.388D-03   240  1.193D-04  0.000D+00 -7.967D-03
   241  1.867D-04  0.000D+00 -6.485D-03   242  2.503D-04  0.000D+00 -6.158D-03
